{
  "/Users/ck/workplace/cms-client/packages/mobile/src/data/auth/AuthApi.ts": {
    "path": "/Users/ck/workplace/cms-client/packages/mobile/src/data/auth/AuthApi.ts",
    "statementMap": {
      "0": {
        "start": { "line": 14, "column": 2 },
        "end": { "line": 14, "column": 73 }
      },
      "1": {
        "start": { "line": 29, "column": 34 },
        "end": { "line": 29, "column": 38 }
      },
      "2": {
        "start": { "line": 31, "column": 2 },
        "end": { "line": 78, "column": 4 }
      },
      "3": {
        "start": { "line": 38, "column": 6 },
        "end": { "line": 42, "column": 9 }
      },
      "4": {
        "start": { "line": 56, "column": 18 },
        "end": { "line": 60, "column": 8 }
      },
      "5": {
        "start": { "line": 61, "column": 6 },
        "end": { "line": 61, "column": 22 }
      },
      "6": {
        "start": { "line": 71, "column": 18 },
        "end": { "line": 75, "column": 8 }
      },
      "7": {
        "start": { "line": 76, "column": 6 },
        "end": { "line": 76, "column": 22 }
      }
    },
    "fnMap": {
      "0": {
        "name": "toContactBody",
        "decl": {
          "start": { "line": 13, "column": 9 },
          "end": { "line": 13, "column": 22 }
        },
        "loc": {
          "start": { "line": 13, "column": 79 },
          "end": { "line": 15, "column": 1 }
        },
        "line": 13
      },
      "1": {
        "name": "createAuthApi",
        "decl": {
          "start": { "line": 25, "column": 16 },
          "end": { "line": 25, "column": 29 }
        },
        "loc": {
          "start": { "line": 28, "column": 3 },
          "end": { "line": 79, "column": 1 }
        },
        "line": 28
      },
      "2": {
        "name": "(anonymous_2)",
        "decl": {
          "start": { "line": 37, "column": 4 },
          "end": { "line": 37, "column": 5 }
        },
        "loc": {
          "start": { "line": 37, "column": 54 },
          "end": { "line": 43, "column": 5 }
        },
        "line": 37
      },
      "3": {
        "name": "(anonymous_3)",
        "decl": {
          "start": { "line": 52, "column": 4 },
          "end": { "line": 52, "column": 5 }
        },
        "loc": {
          "start": { "line": 55, "column": 49 },
          "end": { "line": 62, "column": 5 }
        },
        "line": 55
      },
      "4": {
        "name": "(anonymous_4)",
        "decl": {
          "start": { "line": 70, "column": 4 },
          "end": { "line": 70, "column": 5 }
        },
        "loc": {
          "start": { "line": 70, "column": 49 },
          "end": { "line": 77, "column": 5 }
        },
        "line": 70
      }
    },
    "branchMap": {
      "0": {
        "loc": {
          "start": { "line": 14, "column": 9 },
          "end": { "line": 14, "column": 72 }
        },
        "type": "cond-expr",
        "locations": [
          {
            "start": { "line": 14, "column": 33 },
            "end": { "line": 14, "column": 51 }
          },
          {
            "start": { "line": 14, "column": 54 },
            "end": { "line": 14, "column": 72 }
          }
        ],
        "line": 14
      }
    },
    "s": { "0": 0, "1": 0, "2": 0, "3": 0, "4": 0, "5": 0, "6": 0, "7": 0 },
    "f": { "0": 0, "1": 0, "2": 0, "3": 0, "4": 0 },
    "b": { "0": [0, 0] }
  },
  "/Users/ck/workplace/cms-client/packages/mobile/src/data/auth/createAuthRepository.ts": {
    "path": "/Users/ck/workplace/cms-client/packages/mobile/src/data/auth/createAuthRepository.ts",
    "statementMap": {
      "0": {
        "start": { "line": 7, "column": 18 },
        "end": { "line": 7, "column": 30 }
      },
      "1": {
        "start": { "line": 23, "column": 14 },
        "end": { "line": 26, "column": 4 }
      },
      "2": {
        "start": { "line": 28, "column": 2 },
        "end": { "line": 44, "column": 4 }
      },
      "3": {
        "start": { "line": 30, "column": 6 },
        "end": { "line": 30, "column": 37 }
      },
      "4": {
        "start": { "line": 34, "column": 21 },
        "end": { "line": 34, "column": 56 }
      },
      "5": {
        "start": { "line": 35, "column": 6 },
        "end": { "line": 35, "column": 60 }
      },
      "6": {
        "start": { "line": 36, "column": 6 },
        "end": { "line": 36, "column": 20 }
      },
      "7": {
        "start": { "line": 40, "column": 20 },
        "end": { "line": 40, "column": 59 }
      },
      "8": {
        "start": { "line": 41, "column": 6 },
        "end": { "line": 41, "column": 51 }
      },
      "9": {
        "start": { "line": 41, "column": 18 },
        "end": { "line": 41, "column": 51 }
      },
      "10": {
        "start": { "line": 42, "column": 6 },
        "end": { "line": 42, "column": 30 }
      }
    },
    "fnMap": {
      "0": {
        "name": "createAuthRepository",
        "decl": {
          "start": { "line": 18, "column": 16 },
          "end": { "line": 18, "column": 36 }
        },
        "loc": {
          "start": { "line": 22, "column": 19 },
          "end": { "line": 45, "column": 1 }
        },
        "line": 22
      },
      "1": {
        "name": "(anonymous_1)",
        "decl": {
          "start": { "line": 29, "column": 4 },
          "end": { "line": 29, "column": 5 }
        },
        "loc": {
          "start": { "line": 29, "column": 31 },
          "end": { "line": 31, "column": 5 }
        },
        "line": 29
      },
      "2": {
        "name": "(anonymous_2)",
        "decl": {
          "start": { "line": 33, "column": 4 },
          "end": { "line": 33, "column": 5 }
        },
        "loc": {
          "start": { "line": 33, "column": 36 },
          "end": { "line": 37, "column": 5 }
        },
        "line": 33
      },
      "3": {
        "name": "(anonymous_3)",
        "decl": {
          "start": { "line": 39, "column": 4 },
          "end": { "line": 39, "column": 5 }
        },
        "loc": {
          "start": { "line": 39, "column": 18 },
          "end": { "line": 43, "column": 5 }
        },
        "line": 39
      }
    },
    "branchMap": {
      "0": {
        "loc": {
          "start": { "line": 41, "column": 6 },
          "end": { "line": 41, "column": 51 }
        },
        "type": "if",
        "locations": [
          {
            "start": { "line": 41, "column": 6 },
            "end": { "line": 41, "column": 51 }
          },
          { "start": {}, "end": {} }
        ],
        "line": 41
      }
    },
    "s": {
      "0": 0,
      "1": 0,
      "2": 0,
      "3": 0,
      "4": 0,
      "5": 0,
      "6": 0,
      "7": 0,
      "8": 0,
      "9": 0,
      "10": 0
    },
    "f": { "0": 0, "1": 0, "2": 0, "3": 0 },
    "b": { "0": [0, 0] }
  },
  "/Users/ck/workplace/cms-client/packages/mobile/src/data/case/CaseApi.ts": {
    "path": "/Users/ck/workplace/cms-client/packages/mobile/src/data/case/CaseApi.ts",
    "statementMap": {
      "0": {
        "start": { "line": 22, "column": 16 },
        "end": { "line": 22, "column": 32 }
      },
      "1": {
        "start": { "line": 23, "column": 2 },
        "end": { "line": 23, "column": 59 }
      },
      "2": {
        "start": { "line": 40, "column": 44 },
        "end": { "line": 40, "column": 48 }
      },
      "3": {
        "start": { "line": 42, "column": 2 },
        "end": { "line": 89, "column": 4 }
      },
      "4": {
        "start": { "line": 49, "column": 16 },
        "end": { "line": 49, "column": 43 }
      },
      "5": {
        "start": { "line": 50, "column": 18 },
        "end": { "line": 54, "column": 8 }
      },
      "6": {
        "start": { "line": 55, "column": 6 },
        "end": { "line": 55, "column": 28 }
      },
      "7": {
        "start": { "line": 65, "column": 16 },
        "end": { "line": 65, "column": 43 }
      },
      "8": {
        "start": { "line": 66, "column": 46 },
        "end": { "line": 82, "column": 8 }
      },
      "9": {
        "start": { "line": 83, "column": 6 },
        "end": { "line": 87, "column": 8 }
      }
    },
    "fnMap": {
      "0": {
        "name": "authHeaders",
        "decl": {
          "start": { "line": 19, "column": 15 },
          "end": { "line": 19, "column": 26 }
        },
        "loc": {
          "start": { "line": 21, "column": 35 },
          "end": { "line": 24, "column": 1 }
        },
        "line": 21
      },
      "1": {
        "name": "createCaseApi",
        "decl": {
          "start": { "line": 35, "column": 16 },
          "end": { "line": 35, "column": 29 }
        },
        "loc": {
          "start": { "line": 39, "column": 3 },
          "end": { "line": 90, "column": 1 }
        },
        "line": 39
      },
      "2": {
        "name": "(anonymous_2)",
        "decl": {
          "start": { "line": 48, "column": 4 },
          "end": { "line": 48, "column": 5 }
        },
        "loc": {
          "start": { "line": 48, "column": 46 },
          "end": { "line": 56, "column": 5 }
        },
        "line": 48
      },
      "3": {
        "name": "(anonymous_3)",
        "decl": {
          "start": { "line": 64, "column": 4 },
          "end": { "line": 64, "column": 5 }
        },
        "loc": {
          "start": { "line": 64, "column": 61 },
          "end": { "line": 88, "column": 5 }
        },
        "line": 64
      }
    },
    "branchMap": {
      "0": {
        "loc": {
          "start": { "line": 23, "column": 9 },
          "end": { "line": 23, "column": 58 }
        },
        "type": "cond-expr",
        "locations": [
          {
            "start": { "line": 23, "column": 17 },
            "end": { "line": 23, "column": 53 }
          },
          {
            "start": { "line": 23, "column": 56 },
            "end": { "line": 23, "column": 58 }
          }
        ],
        "line": 23
      }
    },
    "s": {
      "0": 0,
      "1": 0,
      "2": 0,
      "3": 0,
      "4": 0,
      "5": 0,
      "6": 0,
      "7": 0,
      "8": 0,
      "9": 0
    },
    "f": { "0": 0, "1": 0, "2": 0, "3": 0 },
    "b": { "0": [0, 0] }
  },
  "/Users/ck/workplace/cms-client/packages/mobile/src/data/case/createCaseRepository.ts": {
    "path": "/Users/ck/workplace/cms-client/packages/mobile/src/data/case/createCaseRepository.ts",
    "statementMap": {
      "0": {
        "start": { "line": 21, "column": 14 },
        "end": { "line": 25, "column": 4 }
      },
      "1": {
        "start": { "line": 24, "column": 20 },
        "end": { "line": 24, "column": 56 }
      },
      "2": {
        "start": { "line": 27, "column": 2 },
        "end": { "line": 34, "column": 4 }
      },
      "3": {
        "start": { "line": 29, "column": 6 },
        "end": { "line": 29, "column": 29 }
      },
      "4": {
        "start": { "line": 32, "column": 6 },
        "end": { "line": 32, "column": 39 }
      }
    },
    "fnMap": {
      "0": {
        "name": "createCaseRepository",
        "decl": {
          "start": { "line": 16, "column": 16 },
          "end": { "line": 16, "column": 36 }
        },
        "loc": {
          "start": { "line": 20, "column": 19 },
          "end": { "line": 35, "column": 1 }
        },
        "line": 20
      },
      "1": {
        "name": "(anonymous_1)",
        "decl": {
          "start": { "line": 24, "column": 14 },
          "end": { "line": 24, "column": 15 }
        },
        "loc": {
          "start": { "line": 24, "column": 20 },
          "end": { "line": 24, "column": 56 }
        },
        "line": 24
      },
      "2": {
        "name": "(anonymous_2)",
        "decl": {
          "start": { "line": 28, "column": 4 },
          "end": { "line": 28, "column": 5 }
        },
        "loc": {
          "start": { "line": 28, "column": 24 },
          "end": { "line": 30, "column": 5 }
        },
        "line": 28
      },
      "3": {
        "name": "(anonymous_3)",
        "decl": {
          "start": { "line": 31, "column": 4 },
          "end": { "line": 31, "column": 5 }
        },
        "loc": {
          "start": { "line": 31, "column": 32 },
          "end": { "line": 33, "column": 5 }
        },
        "line": 31
      }
    },
    "branchMap": {},
    "s": { "0": 0, "1": 0, "2": 0, "3": 0, "4": 0 },
    "f": { "0": 0, "1": 0, "2": 0, "3": 0 },
    "b": {}
  },
  "/Users/ck/workplace/cms-client/packages/mobile/src/data/documents/DocumentApi.ts": {
    "path": "/Users/ck/workplace/cms-client/packages/mobile/src/data/documents/DocumentApi.ts",
    "statementMap": {
      "0": {
        "start": { "line": 29, "column": 12 },
        "end": { "line": 29, "column": 28 }
      },
      "1": {
        "start": { "line": 30, "column": 2 },
        "end": { "line": 30, "column": 51 }
      },
      "2": {
        "start": { "line": 51, "column": 12 },
        "end": { "line": 51, "column": 44 }
      },
      "3": {
        "start": { "line": 52, "column": 14 },
        "end": { "line": 57, "column": 4 }
      },
      "4": {
        "start": { "line": 58, "column": 2 },
        "end": { "line": 58, "column": 18 }
      },
      "5": {
        "start": { "line": 69, "column": 12 },
        "end": { "line": 69, "column": 44 }
      },
      "6": {
        "start": { "line": 70, "column": 14 },
        "end": { "line": 74, "column": 4 }
      },
      "7": {
        "start": { "line": 75, "column": 2 },
        "end": { "line": 75, "column": 22 }
      },
      "8": {
        "start": { "line": 88, "column": 2 },
        "end": { "line": 110, "column": 4 }
      },
      "9": {
        "start": { "line": 99, "column": 16 },
        "end": { "line": 99, "column": 48 }
      },
      "10": {
        "start": { "line": 100, "column": 17 },
        "end": { "line": 100, "column": 67 }
      },
      "11": {
        "start": { "line": 101, "column": 18 },
        "end": { "line": 105, "column": 8 }
      },
      "12": {
        "start": { "line": 106, "column": 6 },
        "end": { "line": 106, "column": 28 }
      },
      "13": {
        "start": { "line": 108, "column": 42 },
        "end": { "line": 108, "column": 63 }
      },
      "14": {
        "start": { "line": 109, "column": 39 },
        "end": { "line": 109, "column": 63 }
      }
    },
    "fnMap": {
      "0": {
        "name": "authHeaders",
        "decl": {
          "start": { "line": 26, "column": 15 },
          "end": { "line": 26, "column": 26 }
        },
        "loc": {
          "start": { "line": 28, "column": 35 },
          "end": { "line": 31, "column": 1 }
        },
        "line": 28
      },
      "1": {
        "name": "uploadDoc",
        "decl": {
          "start": { "line": 47, "column": 15 },
          "end": { "line": 47, "column": 24 }
        },
        "loc": {
          "start": { "line": 50, "column": 25 },
          "end": { "line": 59, "column": 1 }
        },
        "line": 50
      },
      "2": {
        "name": "downloadUrl",
        "decl": {
          "start": { "line": 68, "column": 15 },
          "end": { "line": 68, "column": 26 }
        },
        "loc": {
          "start": { "line": 68, "column": 77 },
          "end": { "line": 76, "column": 1 }
        },
        "line": 68
      },
      "3": {
        "name": "createDocumentApi",
        "decl": {
          "start": { "line": 87, "column": 16 },
          "end": { "line": 87, "column": 33 }
        },
        "loc": {
          "start": { "line": 87, "column": 52 },
          "end": { "line": 111, "column": 1 }
        },
        "line": 87
      },
      "4": {
        "name": "(anonymous_4)",
        "decl": {
          "start": { "line": 96, "column": 4 },
          "end": { "line": 96, "column": 5 }
        },
        "loc": {
          "start": { "line": 98, "column": 39 },
          "end": { "line": 107, "column": 5 }
        },
        "line": 98
      },
      "5": {
        "name": "(anonymous_5)",
        "decl": {
          "start": { "line": 108, "column": 20 },
          "end": { "line": 108, "column": 21 }
        },
        "loc": {
          "start": { "line": 108, "column": 42 },
          "end": { "line": 108, "column": 63 }
        },
        "line": 108
      },
      "6": {
        "name": "(anonymous_6)",
        "decl": {
          "start": { "line": 109, "column": 20 },
          "end": { "line": 109, "column": 21 }
        },
        "loc": {
          "start": { "line": 109, "column": 39 },
          "end": { "line": 109, "column": 63 }
        },
        "line": 109
      }
    },
    "branchMap": {
      "0": {
        "loc": {
          "start": { "line": 30, "column": 9 },
          "end": { "line": 30, "column": 50 }
        },
        "type": "cond-expr",
        "locations": [
          {
            "start": { "line": 30, "column": 13 },
            "end": { "line": 30, "column": 45 }
          },
          {
            "start": { "line": 30, "column": 48 },
            "end": { "line": 30, "column": 50 }
          }
        ],
        "line": 30
      },
      "1": {
        "loc": {
          "start": { "line": 100, "column": 17 },
          "end": { "line": 100, "column": 67 }
        },
        "type": "cond-expr",
        "locations": [
          {
            "start": { "line": 100, "column": 35 },
            "end": { "line": 100, "column": 62 }
          },
          {
            "start": { "line": 100, "column": 65 },
            "end": { "line": 100, "column": 67 }
          }
        ],
        "line": 100
      }
    },
    "s": {
      "0": 0,
      "1": 0,
      "2": 0,
      "3": 0,
      "4": 0,
      "5": 0,
      "6": 0,
      "7": 0,
      "8": 0,
      "9": 0,
      "10": 0,
      "11": 0,
      "12": 0,
      "13": 0,
      "14": 0
    },
    "f": { "0": 0, "1": 0, "2": 0, "3": 0, "4": 0, "5": 0, "6": 0 },
    "b": { "0": [0, 0], "1": [0, 0] }
  },
  "/Users/ck/workplace/cms-client/packages/mobile/src/data/documents/createDocumentRepository.ts": {
    "path": "/Users/ck/workplace/cms-client/packages/mobile/src/data/documents/createDocumentRepository.ts",
    "statementMap": {
      "0": {
        "start": { "line": 21, "column": 14 },
        "end": { "line": 25, "column": 4 }
      },
      "1": {
        "start": { "line": 24, "column": 20 },
        "end": { "line": 24, "column": 56 }
      },
      "2": {
        "start": { "line": 27, "column": 2 },
        "end": { "line": 44, "column": 4 }
      },
      "3": {
        "start": { "line": 29, "column": 6 },
        "end": { "line": 29, "column": 40 }
      },
      "4": {
        "start": { "line": 32, "column": 6 },
        "end": { "line": 39, "column": 9 }
      },
      "5": {
        "start": { "line": 42, "column": 6 },
        "end": { "line": 42, "column": 39 }
      }
    },
    "fnMap": {
      "0": {
        "name": "createDocumentRepository",
        "decl": {
          "start": { "line": 16, "column": 16 },
          "end": { "line": 16, "column": 40 }
        },
        "loc": {
          "start": { "line": 20, "column": 23 },
          "end": { "line": 45, "column": 1 }
        },
        "line": 20
      },
      "1": {
        "name": "(anonymous_1)",
        "decl": {
          "start": { "line": 24, "column": 14 },
          "end": { "line": 24, "column": 15 }
        },
        "loc": {
          "start": { "line": 24, "column": 20 },
          "end": { "line": 24, "column": 56 }
        },
        "line": 24
      },
      "2": {
        "name": "(anonymous_2)",
        "decl": {
          "start": { "line": 28, "column": 4 },
          "end": { "line": 28, "column": 5 }
        },
        "loc": {
          "start": { "line": 28, "column": 35 },
          "end": { "line": 30, "column": 5 }
        },
        "line": 28
      },
      "3": {
        "name": "(anonymous_3)",
        "decl": {
          "start": { "line": 31, "column": 4 },
          "end": { "line": 31, "column": 5 }
        },
        "loc": {
          "start": { "line": 31, "column": 41 },
          "end": { "line": 40, "column": 5 }
        },
        "line": 31
      },
      "4": {
        "name": "(anonymous_4)",
        "decl": {
          "start": { "line": 41, "column": 4 },
          "end": { "line": 41, "column": 5 }
        },
        "loc": {
          "start": { "line": 41, "column": 32 },
          "end": { "line": 43, "column": 5 }
        },
        "line": 41
      }
    },
    "branchMap": {},
    "s": { "0": 0, "1": 0, "2": 0, "3": 0, "4": 0, "5": 0 },
    "f": { "0": 0, "1": 0, "2": 0, "3": 0, "4": 0 },
    "b": {}
  },
  "/Users/ck/workplace/cms-client/packages/mobile/src/data/home/createHomeRepository.ts": {
    "path": "/Users/ck/workplace/cms-client/packages/mobile/src/data/home/createHomeRepository.ts",
    "statementMap": {
      "0": {
        "start": { "line": 19, "column": 2 },
        "end": { "line": 32, "column": 4 }
      },
      "1": {
        "start": { "line": 26, "column": 23 },
        "end": { "line": 29, "column": 8 }
      },
      "2": {
        "start": { "line": 30, "column": 6 },
        "end": { "line": 30, "column": 27 }
      }
    },
    "fnMap": {
      "0": {
        "name": "createHomeRepository",
        "decl": {
          "start": { "line": 16, "column": 16 },
          "end": { "line": 16, "column": 36 }
        },
        "loc": {
          "start": { "line": 18, "column": 19 },
          "end": { "line": 33, "column": 1 }
        },
        "line": 18
      },
      "1": {
        "name": "(anonymous_1)",
        "decl": {
          "start": { "line": 25, "column": 4 },
          "end": { "line": 25, "column": 5 }
        },
        "loc": {
          "start": { "line": 25, "column": 41 },
          "end": { "line": 31, "column": 5 }
        },
        "line": 25
      }
    },
    "branchMap": {},
    "s": { "0": 0, "1": 0, "2": 0 },
    "f": { "0": 0, "1": 0 },
    "b": {}
  },
  "/Users/ck/workplace/cms-client/packages/mobile/src/data/inbox/InboxApi.ts": {
    "path": "/Users/ck/workplace/cms-client/packages/mobile/src/data/inbox/InboxApi.ts",
    "statementMap": {
      "0": {
        "start": { "line": 30, "column": 2 },
        "end": { "line": 30, "column": 58 }
      },
      "1": {
        "start": { "line": 30, "column": 30 },
        "end": { "line": 30, "column": 58 }
      },
      "2": {
        "start": { "line": 31, "column": 2 },
        "end": { "line": 31, "column": 58 }
      },
      "3": {
        "start": { "line": 31, "column": 30 },
        "end": { "line": 31, "column": 58 }
      },
      "4": {
        "start": { "line": 32, "column": 2 },
        "end": { "line": 32, "column": 58 }
      },
      "5": {
        "start": { "line": 32, "column": 30 },
        "end": { "line": 32, "column": 58 }
      },
      "6": {
        "start": { "line": 33, "column": 2 },
        "end": { "line": 33, "column": 14 }
      },
      "7": {
        "start": { "line": 37, "column": 2 },
        "end": { "line": 45, "column": 4 }
      },
      "8": {
        "start": { "line": 57, "column": 12 },
        "end": { "line": 57, "column": 28 }
      },
      "9": {
        "start": { "line": 58, "column": 2 },
        "end": { "line": 58, "column": 51 }
      },
      "10": {
        "start": { "line": 80, "column": 20 },
        "end": { "line": 83, "column": 4 }
      },
      "11": {
        "start": { "line": 84, "column": 14 },
        "end": { "line": 88, "column": 4 }
      },
      "12": {
        "start": { "line": 89, "column": 2 },
        "end": { "line": 89, "column": 55 }
      },
      "13": {
        "start": { "line": 89, "column": 35 },
        "end": { "line": 89, "column": 53 }
      },
      "14": {
        "start": { "line": 105, "column": 20 },
        "end": { "line": 108, "column": 4 }
      },
      "15": {
        "start": { "line": 109, "column": 15 },
        "end": { "line": 115, "column": 3 }
      },
      "16": {
        "start": { "line": 116, "column": 14 },
        "end": { "line": 121, "column": 4 }
      },
      "17": {
        "start": { "line": 122, "column": 2 },
        "end": { "line": 122, "column": 35 }
      },
      "18": {
        "start": { "line": 136, "column": 2 },
        "end": { "line": 153, "column": 4 }
      },
      "19": {
        "start": { "line": 143, "column": 16 },
        "end": { "line": 143, "column": 48 }
      },
      "20": {
        "start": { "line": 144, "column": 18 },
        "end": { "line": 148, "column": 8 }
      },
      "21": {
        "start": { "line": 149, "column": 6 },
        "end": { "line": 149, "column": 28 }
      },
      "22": {
        "start": { "line": 151, "column": 33 },
        "end": { "line": 151, "column": 56 }
      },
      "23": {
        "start": { "line": 152, "column": 47 },
        "end": { "line": 152, "column": 74 }
      }
    },
    "fnMap": {
      "0": {
        "name": "pickTranslation",
        "decl": {
          "start": { "line": 26, "column": 9 },
          "end": { "line": 26, "column": 24 }
        },
        "loc": {
          "start": { "line": 29, "column": 17 },
          "end": { "line": 34, "column": 1 }
        },
        "line": 29
      },
      "1": {
        "name": "toMessage",
        "decl": {
          "start": { "line": 36, "column": 9 },
          "end": { "line": 36, "column": 18 }
        },
        "loc": {
          "start": { "line": 36, "column": 71 },
          "end": { "line": 46, "column": 1 }
        },
        "line": 36
      },
      "2": {
        "name": "authHeaders",
        "decl": {
          "start": { "line": 54, "column": 15 },
          "end": { "line": 54, "column": 26 }
        },
        "loc": {
          "start": { "line": 56, "column": 35 },
          "end": { "line": 59, "column": 1 }
        },
        "line": 56
      },
      "3": {
        "name": "fetchMessages",
        "decl": {
          "start": { "line": 76, "column": 15 },
          "end": { "line": 76, "column": 28 }
        },
        "loc": {
          "start": { "line": 79, "column": 22 },
          "end": { "line": 90, "column": 1 }
        },
        "line": 79
      },
      "4": {
        "name": "(anonymous_4)",
        "decl": {
          "start": { "line": 89, "column": 28 },
          "end": { "line": 89, "column": 29 }
        },
        "loc": {
          "start": { "line": 89, "column": 35 },
          "end": { "line": 89, "column": 53 }
        },
        "line": 89
      },
      "5": {
        "name": "postMessage",
        "decl": {
          "start": { "line": 100, "column": 15 },
          "end": { "line": 100, "column": 26 }
        },
        "loc": {
          "start": { "line": 104, "column": 20 },
          "end": { "line": 123, "column": 1 }
        },
        "line": 104
      },
      "6": {
        "name": "createInboxApi",
        "decl": {
          "start": { "line": 135, "column": 16 },
          "end": { "line": 135, "column": 30 }
        },
        "loc": {
          "start": { "line": 135, "column": 51 },
          "end": { "line": 154, "column": 1 }
        },
        "line": 135
      },
      "7": {
        "name": "(anonymous_7)",
        "decl": {
          "start": { "line": 142, "column": 4 },
          "end": { "line": 142, "column": 5 }
        },
        "loc": {
          "start": { "line": 142, "column": 62 },
          "end": { "line": 150, "column": 5 }
        },
        "line": 142
      },
      "8": {
        "name": "(anonymous_8)",
        "decl": {
          "start": { "line": 151, "column": 17 },
          "end": { "line": 151, "column": 18 }
        },
        "loc": {
          "start": { "line": 151, "column": 33 },
          "end": { "line": 151, "column": 56 }
        },
        "line": 151
      },
      "9": {
        "name": "(anonymous_9)",
        "decl": {
          "start": { "line": 152, "column": 17 },
          "end": { "line": 152, "column": 18 }
        },
        "loc": {
          "start": { "line": 152, "column": 47 },
          "end": { "line": 152, "column": 74 }
        },
        "line": 152
      }
    },
    "branchMap": {
      "0": {
        "loc": {
          "start": { "line": 30, "column": 2 },
          "end": { "line": 30, "column": 58 }
        },
        "type": "if",
        "locations": [
          {
            "start": { "line": 30, "column": 2 },
            "end": { "line": 30, "column": 58 }
          },
          { "start": {}, "end": {} }
        ],
        "line": 30
      },
      "1": {
        "loc": {
          "start": { "line": 31, "column": 2 },
          "end": { "line": 31, "column": 58 }
        },
        "type": "if",
        "locations": [
          {
            "start": { "line": 31, "column": 2 },
            "end": { "line": 31, "column": 58 }
          },
          { "start": {}, "end": {} }
        ],
        "line": 31
      },
      "2": {
        "loc": {
          "start": { "line": 32, "column": 2 },
          "end": { "line": 32, "column": 58 }
        },
        "type": "if",
        "locations": [
          {
            "start": { "line": 32, "column": 2 },
            "end": { "line": 32, "column": 58 }
          },
          { "start": {}, "end": {} }
        ],
        "line": 32
      },
      "3": {
        "loc": {
          "start": { "line": 58, "column": 9 },
          "end": { "line": 58, "column": 50 }
        },
        "type": "cond-expr",
        "locations": [
          {
            "start": { "line": 58, "column": 13 },
            "end": { "line": 58, "column": 45 }
          },
          {
            "start": { "line": 58, "column": 48 },
            "end": { "line": 58, "column": 50 }
          }
        ],
        "line": 58
      }
    },
    "s": {
      "0": 0,
      "1": 0,
      "2": 0,
      "3": 0,
      "4": 0,
      "5": 0,
      "6": 0,
      "7": 0,
      "8": 0,
      "9": 0,
      "10": 0,
      "11": 0,
      "12": 0,
      "13": 0,
      "14": 0,
      "15": 0,
      "16": 0,
      "17": 0,
      "18": 0,
      "19": 0,
      "20": 0,
      "21": 0,
      "22": 0,
      "23": 0
    },
    "f": {
      "0": 0,
      "1": 0,
      "2": 0,
      "3": 0,
      "4": 0,
      "5": 0,
      "6": 0,
      "7": 0,
      "8": 0,
      "9": 0
    },
    "b": { "0": [0, 0], "1": [0, 0], "2": [0, 0], "3": [0, 0] }
  },
  "/Users/ck/workplace/cms-client/packages/mobile/src/data/inbox/createInboxRepository.ts": {
    "path": "/Users/ck/workplace/cms-client/packages/mobile/src/data/inbox/createInboxRepository.ts",
    "statementMap": {
      "0": {
        "start": { "line": 21, "column": 14 },
        "end": { "line": 27, "column": 4 }
      },
      "1": {
        "start": { "line": 24, "column": 20 },
        "end": { "line": 24, "column": 56 }
      },
      "2": {
        "start": { "line": 26, "column": 6 },
        "end": { "line": 26, "column": 66 }
      },
      "3": {
        "start": { "line": 29, "column": 2 },
        "end": { "line": 39, "column": 4 }
      },
      "4": {
        "start": { "line": 31, "column": 6 },
        "end": { "line": 31, "column": 37 }
      },
      "5": {
        "start": { "line": 34, "column": 6 },
        "end": { "line": 34, "column": 45 }
      },
      "6": {
        "start": { "line": 37, "column": 6 },
        "end": { "line": 37, "column": 51 }
      }
    },
    "fnMap": {
      "0": {
        "name": "createInboxRepository",
        "decl": {
          "start": { "line": 16, "column": 16 },
          "end": { "line": 16, "column": 37 }
        },
        "loc": {
          "start": { "line": 20, "column": 20 },
          "end": { "line": 40, "column": 1 }
        },
        "line": 20
      },
      "1": {
        "name": "(anonymous_1)",
        "decl": {
          "start": { "line": 24, "column": 14 },
          "end": { "line": 24, "column": 15 }
        },
        "loc": {
          "start": { "line": 24, "column": 20 },
          "end": { "line": 24, "column": 56 }
        },
        "line": 24
      },
      "2": {
        "name": "(anonymous_2)",
        "decl": {
          "start": { "line": 25, "column": 26 },
          "end": { "line": 25, "column": 27 }
        },
        "loc": {
          "start": { "line": 26, "column": 6 },
          "end": { "line": 26, "column": 66 }
        },
        "line": 26
      },
      "3": {
        "name": "(anonymous_3)",
        "decl": {
          "start": { "line": 30, "column": 4 },
          "end": { "line": 30, "column": 5 }
        },
        "loc": {
          "start": { "line": 30, "column": 30 },
          "end": { "line": 32, "column": 5 }
        },
        "line": 30
      },
      "4": {
        "name": "(anonymous_4)",
        "decl": {
          "start": { "line": 33, "column": 4 },
          "end": { "line": 33, "column": 5 }
        },
        "loc": {
          "start": { "line": 33, "column": 38 },
          "end": { "line": 35, "column": 5 }
        },
        "line": 33
      },
      "5": {
        "name": "(anonymous_5)",
        "decl": {
          "start": { "line": 36, "column": 4 },
          "end": { "line": 36, "column": 5 }
        },
        "loc": {
          "start": { "line": 36, "column": 44 },
          "end": { "line": 38, "column": 5 }
        },
        "line": 36
      }
    },
    "branchMap": {
      "0": {
        "loc": {
          "start": { "line": 26, "column": 6 },
          "end": { "line": 26, "column": 66 }
        },
        "type": "binary-expr",
        "locations": [
          {
            "start": { "line": 26, "column": 7 },
            "end": { "line": 26, "column": 57 }
          },
          {
            "start": { "line": 26, "column": 62 },
            "end": { "line": 26, "column": 66 }
          }
        ],
        "line": 26
      }
    },
    "s": { "0": 0, "1": 0, "2": 0, "3": 0, "4": 0, "5": 0, "6": 0 },
    "f": { "0": 0, "1": 0, "2": 0, "3": 0, "4": 0, "5": 0 },
    "b": { "0": [0, 0] }
  },
  "/Users/ck/workplace/cms-client/packages/mobile/src/data/profile/ProfileApi.ts": {
    "path": "/Users/ck/workplace/cms-client/packages/mobile/src/data/profile/ProfileApi.ts",
    "statementMap": {
      "0": {
        "start": { "line": 18, "column": 44 },
        "end": { "line": 18, "column": 48 }
      },
      "1": {
        "start": { "line": 21, "column": 18 },
        "end": { "line": 21, "column": 34 }
      },
      "2": {
        "start": { "line": 22, "column": 4 },
        "end": { "line": 22, "column": 61 }
      },
      "3": {
        "start": { "line": 25, "column": 2 },
        "end": { "line": 65, "column": 4 }
      },
      "4": {
        "start": { "line": 32, "column": 16 },
        "end": { "line": 32, "column": 31 }
      },
      "5": {
        "start": { "line": 33, "column": 18 },
        "end": { "line": 37, "column": 8 }
      },
      "6": {
        "start": { "line": 38, "column": 6 },
        "end": { "line": 38, "column": 22 }
      },
      "7": {
        "start": { "line": 56, "column": 16 },
        "end": { "line": 56, "column": 31 }
      },
      "8": {
        "start": { "line": 57, "column": 18 },
        "end": { "line": 62, "column": 8 }
      },
      "9": {
        "start": { "line": 63, "column": 6 },
        "end": { "line": 63, "column": 22 }
      }
    },
    "fnMap": {
      "0": {
        "name": "createProfileApi",
        "decl": {
          "start": { "line": 13, "column": 16 },
          "end": { "line": 13, "column": 32 }
        },
        "loc": {
          "start": { "line": 17, "column": 3 },
          "end": { "line": 66, "column": 1 }
        },
        "line": 17
      },
      "1": {
        "name": "headers",
        "decl": {
          "start": { "line": 20, "column": 17 },
          "end": { "line": 20, "column": 24 }
        },
        "loc": {
          "start": { "line": 20, "column": 60 },
          "end": { "line": 23, "column": 3 }
        },
        "line": 20
      },
      "2": {
        "name": "(anonymous_2)",
        "decl": {
          "start": { "line": 31, "column": 4 },
          "end": { "line": 31, "column": 5 }
        },
        "loc": {
          "start": { "line": 31, "column": 41 },
          "end": { "line": 39, "column": 5 }
        },
        "line": 31
      },
      "3": {
        "name": "(anonymous_3)",
        "decl": {
          "start": { "line": 51, "column": 4 },
          "end": { "line": 51, "column": 5 }
        },
        "loc": {
          "start": { "line": 55, "column": 24 },
          "end": { "line": 64, "column": 5 }
        },
        "line": 55
      }
    },
    "branchMap": {
      "0": {
        "loc": {
          "start": { "line": 22, "column": 11 },
          "end": { "line": 22, "column": 60 }
        },
        "type": "cond-expr",
        "locations": [
          {
            "start": { "line": 22, "column": 19 },
            "end": { "line": 22, "column": 55 }
          },
          {
            "start": { "line": 22, "column": 58 },
            "end": { "line": 22, "column": 60 }
          }
        ],
        "line": 22
      }
    },
    "s": {
      "0": 0,
      "1": 0,
      "2": 0,
      "3": 0,
      "4": 0,
      "5": 0,
      "6": 0,
      "7": 0,
      "8": 0,
      "9": 0
    },
    "f": { "0": 0, "1": 0, "2": 0, "3": 0 },
    "b": { "0": [0, 0] }
  },
  "/Users/ck/workplace/cms-client/packages/mobile/src/data/profile/createProfileRepository.ts": {
    "path": "/Users/ck/workplace/cms-client/packages/mobile/src/data/profile/createProfileRepository.ts",
    "statementMap": {
      "0": {
        "start": { "line": 7, "column": 18 },
        "end": { "line": 7, "column": 30 }
      },
      "1": {
        "start": { "line": 8, "column": 20 },
        "end": { "line": 8, "column": 34 }
      },
      "2": {
        "start": { "line": 24, "column": 14 },
        "end": { "line": 28, "column": 4 }
      },
      "3": {
        "start": { "line": 27, "column": 20 },
        "end": { "line": 27, "column": 53 }
      },
      "4": {
        "start": { "line": 30, "column": 2 },
        "end": { "line": 52, "column": 4 }
      },
      "5": {
        "start": { "line": 32, "column": 6 },
        "end": { "line": 32, "column": 30 }
      },
      "6": {
        "start": { "line": 36, "column": 21 },
        "end": { "line": 36, "column": 62 }
      },
      "7": {
        "start": { "line": 37, "column": 6 },
        "end": { "line": 37, "column": 56 }
      },
      "8": {
        "start": { "line": 37, "column": 19 },
        "end": { "line": 37, "column": 56 }
      },
      "9": {
        "start": { "line": 38, "column": 22 },
        "end": { "line": 38, "column": 67 }
      },
      "10": {
        "start": { "line": 39, "column": 6 },
        "end": { "line": 44, "column": 7 }
      },
      "11": {
        "start": { "line": 40, "column": 8 },
        "end": { "line": 43, "column": 10 }
      },
      "12": {
        "start": { "line": 45, "column": 6 },
        "end": { "line": 45, "column": 21 }
      },
      "13": {
        "start": { "line": 49, "column": 6 },
        "end": { "line": 49, "column": 43 }
      },
      "14": {
        "start": { "line": 50, "column": 6 },
        "end": { "line": 50, "column": 45 }
      }
    },
    "fnMap": {
      "0": {
        "name": "createProfileRepository",
        "decl": {
          "start": { "line": 19, "column": 16 },
          "end": { "line": 19, "column": 39 }
        },
        "loc": {
          "start": { "line": 23, "column": 22 },
          "end": { "line": 53, "column": 1 }
        },
        "line": 23
      },
      "1": {
        "name": "(anonymous_1)",
        "decl": {
          "start": { "line": 27, "column": 14 },
          "end": { "line": 27, "column": 15 }
        },
        "loc": {
          "start": { "line": 27, "column": 20 },
          "end": { "line": 27, "column": 53 }
        },
        "line": 27
      },
      "2": {
        "name": "(anonymous_2)",
        "decl": {
          "start": { "line": 31, "column": 4 },
          "end": { "line": 31, "column": 5 }
        },
        "loc": {
          "start": { "line": 31, "column": 23 },
          "end": { "line": 33, "column": 5 }
        },
        "line": 31
      },
      "3": {
        "name": "(anonymous_3)",
        "decl": {
          "start": { "line": 35, "column": 4 },
          "end": { "line": 35, "column": 5 }
        },
        "loc": {
          "start": { "line": 35, "column": 30 },
          "end": { "line": 46, "column": 5 }
        },
        "line": 35
      },
      "4": {
        "name": "(anonymous_4)",
        "decl": {
          "start": { "line": 48, "column": 4 },
          "end": { "line": 48, "column": 5 }
        },
        "loc": {
          "start": { "line": 48, "column": 19 },
          "end": { "line": 51, "column": 5 }
        },
        "line": 48
      }
    },
    "branchMap": {
      "0": {
        "loc": {
          "start": { "line": 37, "column": 6 },
          "end": { "line": 37, "column": 56 }
        },
        "type": "if",
        "locations": [
          {
            "start": { "line": 37, "column": 6 },
            "end": { "line": 37, "column": 56 }
          },
          { "start": {}, "end": {} }
        ],
        "line": 37
      },
      "1": {
        "loc": {
          "start": { "line": 39, "column": 6 },
          "end": { "line": 44, "column": 7 }
        },
        "type": "if",
        "locations": [
          {
            "start": { "line": 39, "column": 6 },
            "end": { "line": 44, "column": 7 }
          },
          { "start": {}, "end": {} }
        ],
        "line": 39
      }
    },
    "s": {
      "0": 0,
      "1": 0,
      "2": 0,
      "3": 0,
      "4": 0,
      "5": 0,
      "6": 0,
      "7": 0,
      "8": 0,
      "9": 0,
      "10": 0,
      "11": 0,
      "12": 0,
      "13": 0,
      "14": 0
    },
    "f": { "0": 0, "1": 0, "2": 0, "3": 0, "4": 0 },
    "b": { "0": [0, 0], "1": [0, 0] }
  },
  "/Users/ck/workplace/cms-client/packages/mobile/src/domain/auth/AppUser.ts": {
    "path": "/Users/ck/workplace/cms-client/packages/mobile/src/domain/auth/AppUser.ts",
    "statementMap": {},
    "fnMap": {},
    "branchMap": {},
    "s": {},
    "f": {},
    "b": {}
  },
  "/Users/ck/workplace/cms-client/packages/mobile/src/domain/auth/AuthRepository.ts": {
    "path": "/Users/ck/workplace/cms-client/packages/mobile/src/domain/auth/AuthRepository.ts",
    "statementMap": {},
    "fnMap": {},
    "branchMap": {},
    "s": {},
    "f": {},
    "b": {}
  },
  "/Users/ck/workplace/cms-client/packages/mobile/src/domain/case/Case.ts": {
    "path": "/Users/ck/workplace/cms-client/packages/mobile/src/domain/case/Case.ts",
    "statementMap": {},
    "fnMap": {},
    "branchMap": {},
    "s": {},
    "f": {},
    "b": {}
  },
  "/Users/ck/workplace/cms-client/packages/mobile/src/domain/case/CaseRepository.ts": {
    "path": "/Users/ck/workplace/cms-client/packages/mobile/src/domain/case/CaseRepository.ts",
    "statementMap": {},
    "fnMap": {},
    "branchMap": {},
    "s": {},
    "f": {},
    "b": {}
  },
  "/Users/ck/workplace/cms-client/packages/mobile/src/domain/documents/DocumentRepository.ts": {
    "path": "/Users/ck/workplace/cms-client/packages/mobile/src/domain/documents/DocumentRepository.ts",
    "statementMap": {},
    "fnMap": {},
    "branchMap": {},
    "s": {},
    "f": {},
    "b": {}
  },
  "/Users/ck/workplace/cms-client/packages/mobile/src/domain/documents/UserDocument.ts": {
    "path": "/Users/ck/workplace/cms-client/packages/mobile/src/domain/documents/UserDocument.ts",
    "statementMap": {},
    "fnMap": {},
    "branchMap": {},
    "s": {},
    "f": {},
    "b": {}
  },
  "/Users/ck/workplace/cms-client/packages/mobile/src/domain/home/HomeRepository.ts": {
    "path": "/Users/ck/workplace/cms-client/packages/mobile/src/domain/home/HomeRepository.ts",
    "statementMap": {},
    "fnMap": {},
    "branchMap": {},
    "s": {},
    "f": {},
    "b": {}
  },
  "/Users/ck/workplace/cms-client/packages/mobile/src/domain/home/Todo.ts": {
    "path": "/Users/ck/workplace/cms-client/packages/mobile/src/domain/home/Todo.ts",
    "statementMap": {},
    "fnMap": {},
    "branchMap": {},
    "s": {},
    "f": {},
    "b": {}
  },
  "/Users/ck/workplace/cms-client/packages/mobile/src/domain/inbox/Conversation.ts": {
    "path": "/Users/ck/workplace/cms-client/packages/mobile/src/domain/inbox/Conversation.ts",
    "statementMap": {},
    "fnMap": {},
    "branchMap": {},
    "s": {},
    "f": {},
    "b": {}
  },
  "/Users/ck/workplace/cms-client/packages/mobile/src/domain/inbox/InboxRepository.ts": {
    "path": "/Users/ck/workplace/cms-client/packages/mobile/src/domain/inbox/InboxRepository.ts",
    "statementMap": {},
    "fnMap": {},
    "branchMap": {},
    "s": {},
    "f": {},
    "b": {}
  },
  "/Users/ck/workplace/cms-client/packages/mobile/src/domain/inbox/Message.ts": {
    "path": "/Users/ck/workplace/cms-client/packages/mobile/src/domain/inbox/Message.ts",
    "statementMap": {
      "0": {
        "start": { "line": 32, "column": 2 },
        "end": { "line": 32, "column": 78 }
      },
      "1": {
        "start": { "line": 32, "column": 50 },
        "end": { "line": 32, "column": 78 }
      },
      "2": {
        "start": { "line": 33, "column": 2 },
        "end": { "line": 33, "column": 56 }
      }
    },
    "fnMap": {
      "0": {
        "name": "getDisplayText",
        "decl": {
          "start": { "line": 28, "column": 16 },
          "end": { "line": 28, "column": 30 }
        },
        "loc": {
          "start": { "line": 31, "column": 10 },
          "end": { "line": 34, "column": 1 }
        },
        "line": 31
      }
    },
    "branchMap": {
      "0": {
        "loc": {
          "start": { "line": 32, "column": 2 },
          "end": { "line": 32, "column": 78 }
        },
        "type": "if",
        "locations": [
          {
            "start": { "line": 32, "column": 2 },
            "end": { "line": 32, "column": 78 }
          },
          { "start": {}, "end": {} }
        ],
        "line": 32
      },
      "1": {
        "loc": {
          "start": { "line": 33, "column": 9 },
          "end": { "line": 33, "column": 55 }
        },
        "type": "binary-expr",
        "locations": [
          {
            "start": { "line": 33, "column": 9 },
            "end": { "line": 33, "column": 31 }
          },
          {
            "start": { "line": 33, "column": 35 },
            "end": { "line": 33, "column": 55 }
          }
        ],
        "line": 33
      }
    },
    "s": { "0": 0, "1": 0, "2": 0 },
    "f": { "0": 0 },
    "b": { "0": [0, 0], "1": [0, 0] }
  },
  "/Users/ck/workplace/cms-client/packages/mobile/src/domain/profile/ProfileRepository.ts": {
    "path": "/Users/ck/workplace/cms-client/packages/mobile/src/domain/profile/ProfileRepository.ts",
    "statementMap": {},
    "fnMap": {},
    "branchMap": {},
    "s": {},
    "f": {},
    "b": {}
  },
  "/Users/ck/workplace/cms-client/packages/mobile/src/features/auth/model/useLoginViewModel.ts": {
    "path": "/Users/ck/workplace/cms-client/packages/mobile/src/features/auth/model/useLoginViewModel.ts",
    "statementMap": {
      "0": {
        "start": { "line": 27, "column": 37 },
        "end": { "line": 27, "column": 54 }
      },
      "1": {
        "start": { "line": 28, "column": 28 },
        "end": { "line": 28, "column": 72 }
      },
      "2": {
        "start": { "line": 30, "column": 22 },
        "end": { "line": 43, "column": 3 }
      },
      "3": {
        "start": { "line": 32, "column": 6 },
        "end": { "line": 32, "column": 46 }
      },
      "4": {
        "start": { "line": 33, "column": 6 },
        "end": { "line": 40, "column": 7 }
      },
      "5": {
        "start": { "line": 34, "column": 8 },
        "end": { "line": 34, "column": 50 }
      },
      "6": {
        "start": { "line": 35, "column": 8 },
        "end": { "line": 35, "column": 42 }
      },
      "7": {
        "start": { "line": 37, "column": 22 },
        "end": { "line": 37, "column": 35 }
      },
      "8": {
        "start": { "line": 38, "column": 8 },
        "end": { "line": 38, "column": 71 }
      },
      "9": {
        "start": { "line": 39, "column": 8 },
        "end": { "line": 39, "column": 69 }
      },
      "10": {
        "start": { "line": 45, "column": 21 },
        "end": { "line": 58, "column": 3 }
      },
      "11": {
        "start": { "line": 47, "column": 6 },
        "end": { "line": 47, "column": 40 }
      },
      "12": {
        "start": { "line": 48, "column": 6 },
        "end": { "line": 55, "column": 7 }
      },
      "13": {
        "start": { "line": 49, "column": 23 },
        "end": { "line": 49, "column": 69 }
      },
      "14": {
        "start": { "line": 50, "column": 8 },
        "end": { "line": 50, "column": 61 }
      },
      "15": {
        "start": { "line": 52, "column": 22 },
        "end": { "line": 52, "column": 35 }
      },
      "16": {
        "start": { "line": 53, "column": 8 },
        "end": { "line": 53, "column": 70 }
      },
      "17": {
        "start": { "line": 54, "column": 8 },
        "end": { "line": 54, "column": 74 }
      },
      "18": {
        "start": { "line": 60, "column": 2 },
        "end": { "line": 60, "column": 44 }
      }
    },
    "fnMap": {
      "0": {
        "name": "useLoginViewModel",
        "decl": {
          "start": { "line": 26, "column": 16 },
          "end": { "line": 26, "column": 33 }
        },
        "loc": {
          "start": { "line": 26, "column": 36 },
          "end": { "line": 61, "column": 1 }
        },
        "line": 26
      },
      "1": {
        "name": "(anonymous_1)",
        "decl": {
          "start": { "line": 31, "column": 4 },
          "end": { "line": 31, "column": 5 }
        },
        "loc": {
          "start": { "line": 31, "column": 31 },
          "end": { "line": 41, "column": 5 }
        },
        "line": 31
      },
      "2": {
        "name": "(anonymous_2)",
        "decl": {
          "start": { "line": 46, "column": 4 },
          "end": { "line": 46, "column": 5 }
        },
        "loc": {
          "start": { "line": 46, "column": 45 },
          "end": { "line": 56, "column": 5 }
        },
        "line": 46
      }
    },
    "branchMap": {},
    "s": {
      "0": 9,
      "1": 9,
      "2": 9,
      "3": 2,
      "4": 2,
      "5": 2,
      "6": 1,
      "7": 1,
      "8": 1,
      "9": 1,
      "10": 9,
      "11": 2,
      "12": 2,
      "13": 2,
      "14": 1,
      "15": 1,
      "16": 1,
      "17": 1,
      "18": 9
    },
    "f": { "0": 9, "1": 2, "2": 2 },
    "b": {},
    "_coverageSchema": "1a1c01bbd47fc00a2c39e90264f33305004495a9",
    "hash": "70702a71a037507edc1bc24e7517d4c0e1bdc734"
  },
  "/Users/ck/workplace/cms-client/packages/mobile/src/features/case/model/useCaseDetailViewModel.ts": {
    "path": "/Users/ck/workplace/cms-client/packages/mobile/src/features/case/model/useCaseDetailViewModel.ts",
    "statementMap": {
      "0": {
        "start": { "line": 24, "column": 37 },
        "end": { "line": 24, "column": 54 }
      },
      "1": {
        "start": { "line": 25, "column": 28 },
        "end": { "line": 25, "column": 77 }
      },
      "2": {
        "start": { "line": 27, "column": 2 },
        "end": { "line": 48, "column": 39 }
      },
      "3": {
        "start": { "line": 28, "column": 20 },
        "end": { "line": 28, "column": 25 }
      },
      "4": {
        "start": { "line": 31, "column": 6 },
        "end": { "line": 31, "column": 38 }
      },
      "5": {
        "start": { "line": 32, "column": 6 },
        "end": { "line": 41, "column": 7 }
      },
      "6": {
        "start": { "line": 33, "column": 27 },
        "end": { "line": 33, "column": 69 }
      },
      "7": {
        "start": { "line": 34, "column": 8 },
        "end": { "line": 34, "column": 30 }
      },
      "8": {
        "start": { "line": 34, "column": 23 },
        "end": { "line": 34, "column": 30 }
      },
      "9": {
        "start": { "line": 35, "column": 8 },
        "end": { "line": 35, "column": 52 }
      },
      "10": {
        "start": { "line": 37, "column": 22 },
        "end": { "line": 37, "column": 35 }
      },
      "11": {
        "start": { "line": 38, "column": 8 },
        "end": { "line": 38, "column": 65 }
      },
      "12": {
        "start": { "line": 39, "column": 8 },
        "end": { "line": 39, "column": 30 }
      },
      "13": {
        "start": { "line": 39, "column": 23 },
        "end": { "line": 39, "column": 30 }
      },
      "14": {
        "start": { "line": 40, "column": 8 },
        "end": { "line": 40, "column": 45 }
      },
      "15": {
        "start": { "line": 44, "column": 4 },
        "end": { "line": 44, "column": 10 }
      },
      "16": {
        "start": { "line": 45, "column": 4 },
        "end": { "line": 47, "column": 6 }
      },
      "17": {
        "start": { "line": 46, "column": 6 },
        "end": { "line": 46, "column": 23 }
      },
      "18": {
        "start": { "line": 50, "column": 2 },
        "end": { "line": 50, "column": 19 }
      }
    },
    "fnMap": {
      "0": {
        "name": "useCaseDetailViewModel",
        "decl": {
          "start": { "line": 23, "column": 16 },
          "end": { "line": 23, "column": 38 }
        },
        "loc": {
          "start": { "line": 23, "column": 55 },
          "end": { "line": 51, "column": 1 }
        },
        "line": 23
      },
      "1": {
        "name": "(anonymous_1)",
        "decl": {
          "start": { "line": 27, "column": 12 },
          "end": { "line": 27, "column": 13 }
        },
        "loc": {
          "start": { "line": 27, "column": 18 },
          "end": { "line": 48, "column": 3 }
        },
        "line": 27
      },
      "2": {
        "name": "run",
        "decl": {
          "start": { "line": 30, "column": 19 },
          "end": { "line": 30, "column": 22 }
        },
        "loc": {
          "start": { "line": 30, "column": 25 },
          "end": { "line": 42, "column": 5 }
        },
        "line": 30
      },
      "3": {
        "name": "(anonymous_3)",
        "decl": {
          "start": { "line": 45, "column": 11 },
          "end": { "line": 45, "column": 12 }
        },
        "loc": {
          "start": { "line": 45, "column": 17 },
          "end": { "line": 47, "column": 5 }
        },
        "line": 45
      }
    },
    "branchMap": {
      "0": {
        "loc": {
          "start": { "line": 34, "column": 8 },
          "end": { "line": 34, "column": 30 }
        },
        "type": "if",
        "locations": [
          {
            "start": { "line": 34, "column": 8 },
            "end": { "line": 34, "column": 30 }
          },
          { "start": {}, "end": {} }
        ],
        "line": 34
      },
      "1": {
        "loc": {
          "start": { "line": 39, "column": 8 },
          "end": { "line": 39, "column": 30 }
        },
        "type": "if",
        "locations": [
          {
            "start": { "line": 39, "column": 8 },
            "end": { "line": 39, "column": 30 }
          },
          { "start": {}, "end": {} }
        ],
        "line": 39
      }
    },
    "s": {
      "0": 6,
      "1": 6,
      "2": 6,
      "3": 2,
      "4": 2,
      "5": 2,
      "6": 2,
      "7": 1,
      "8": 0,
      "9": 1,
      "10": 1,
      "11": 1,
      "12": 1,
      "13": 0,
      "14": 1,
      "15": 2,
      "16": 2,
      "17": 2,
      "18": 6
    },
    "f": { "0": 6, "1": 2, "2": 2, "3": 2 },
    "b": { "0": [0, 1], "1": [0, 1] },
    "_coverageSchema": "1a1c01bbd47fc00a2c39e90264f33305004495a9",
    "hash": "58ed02d005df25898f76fa1f1d9ad4c7db263b06"
  },
  "/Users/ck/workplace/cms-client/packages/mobile/src/features/case/model/useCaseListViewModel.ts": {
    "path": "/Users/ck/workplace/cms-client/packages/mobile/src/features/case/model/useCaseListViewModel.ts",
    "statementMap": {
      "0": {
        "start": { "line": 23, "column": 37 },
        "end": { "line": 23, "column": 54 }
      },
      "1": {
        "start": { "line": 24, "column": 28 },
        "end": { "line": 24, "column": 75 }
      },
      "2": {
        "start": { "line": 26, "column": 2 },
        "end": { "line": 47, "column": 31 }
      },
      "3": {
        "start": { "line": 27, "column": 20 },
        "end": { "line": 27, "column": 25 }
      },
      "4": {
        "start": { "line": 30, "column": 6 },
        "end": { "line": 30, "column": 38 }
      },
      "5": {
        "start": { "line": 31, "column": 6 },
        "end": { "line": 40, "column": 7 }
      },
      "6": {
        "start": { "line": 32, "column": 22 },
        "end": { "line": 32, "column": 56 }
      },
      "7": {
        "start": { "line": 33, "column": 8 },
        "end": { "line": 33, "column": 30 }
      },
      "8": {
        "start": { "line": 33, "column": 23 },
        "end": { "line": 33, "column": 30 }
      },
      "9": {
        "start": { "line": 34, "column": 8 },
        "end": { "line": 34, "column": 47 }
      },
      "10": {
        "start": { "line": 36, "column": 22 },
        "end": { "line": 36, "column": 35 }
      },
      "11": {
        "start": { "line": 37, "column": 8 },
        "end": { "line": 37, "column": 63 }
      },
      "12": {
        "start": { "line": 38, "column": 8 },
        "end": { "line": 38, "column": 30 }
      },
      "13": {
        "start": { "line": 38, "column": 23 },
        "end": { "line": 38, "column": 30 }
      },
      "14": {
        "start": { "line": 39, "column": 8 },
        "end": { "line": 39, "column": 45 }
      },
      "15": {
        "start": { "line": 43, "column": 4 },
        "end": { "line": 43, "column": 10 }
      },
      "16": {
        "start": { "line": 44, "column": 4 },
        "end": { "line": 46, "column": 6 }
      },
      "17": {
        "start": { "line": 45, "column": 6 },
        "end": { "line": 45, "column": 23 }
      },
      "18": {
        "start": { "line": 49, "column": 2 },
        "end": { "line": 49, "column": 19 }
      }
    },
    "fnMap": {
      "0": {
        "name": "useCaseListViewModel",
        "decl": {
          "start": { "line": 22, "column": 16 },
          "end": { "line": 22, "column": 36 }
        },
        "loc": {
          "start": { "line": 22, "column": 39 },
          "end": { "line": 50, "column": 1 }
        },
        "line": 22
      },
      "1": {
        "name": "(anonymous_1)",
        "decl": {
          "start": { "line": 26, "column": 12 },
          "end": { "line": 26, "column": 13 }
        },
        "loc": {
          "start": { "line": 26, "column": 18 },
          "end": { "line": 47, "column": 3 }
        },
        "line": 26
      },
      "2": {
        "name": "run",
        "decl": {
          "start": { "line": 29, "column": 19 },
          "end": { "line": 29, "column": 22 }
        },
        "loc": {
          "start": { "line": 29, "column": 25 },
          "end": { "line": 41, "column": 5 }
        },
        "line": 29
      },
      "3": {
        "name": "(anonymous_3)",
        "decl": {
          "start": { "line": 44, "column": 11 },
          "end": { "line": 44, "column": 12 }
        },
        "loc": {
          "start": { "line": 44, "column": 17 },
          "end": { "line": 46, "column": 5 }
        },
        "line": 44
      }
    },
    "branchMap": {
      "0": {
        "loc": {
          "start": { "line": 33, "column": 8 },
          "end": { "line": 33, "column": 30 }
        },
        "type": "if",
        "locations": [
          {
            "start": { "line": 33, "column": 8 },
            "end": { "line": 33, "column": 30 }
          },
          { "start": {}, "end": {} }
        ],
        "line": 33
      },
      "1": {
        "loc": {
          "start": { "line": 38, "column": 8 },
          "end": { "line": 38, "column": 30 }
        },
        "type": "if",
        "locations": [
          {
            "start": { "line": 38, "column": 8 },
            "end": { "line": 38, "column": 30 }
          },
          { "start": {}, "end": {} }
        ],
        "line": 38
      }
    },
    "s": {
      "0": 6,
      "1": 6,
      "2": 6,
      "3": 2,
      "4": 2,
      "5": 2,
      "6": 2,
      "7": 1,
      "8": 0,
      "9": 1,
      "10": 1,
      "11": 1,
      "12": 1,
      "13": 0,
      "14": 1,
      "15": 2,
      "16": 2,
      "17": 2,
      "18": 6
    },
    "f": { "0": 6, "1": 2, "2": 2, "3": 2 },
    "b": { "0": [0, 1], "1": [0, 1] },
    "_coverageSchema": "1a1c01bbd47fc00a2c39e90264f33305004495a9",
    "hash": "5c7ece4709d9eeebf1c56d13c445158ef0177b05"
  },
  "/Users/ck/workplace/cms-client/packages/mobile/src/features/documents/model/useDocumentListViewModel.ts": {
    "path": "/Users/ck/workplace/cms-client/packages/mobile/src/features/documents/model/useDocumentListViewModel.ts",
    "statementMap": {
      "0": {
        "start": { "line": 23, "column": 41 },
        "end": { "line": 23, "column": 58 }
      },
      "1": {
        "start": { "line": 24, "column": 28 },
        "end": { "line": 26, "column": 4 }
      },
      "2": {
        "start": { "line": 28, "column": 15 },
        "end": { "line": 38, "column": 34 }
      },
      "3": {
        "start": { "line": 29, "column": 4 },
        "end": { "line": 29, "column": 36 }
      },
      "4": {
        "start": { "line": 30, "column": 4 },
        "end": { "line": 37, "column": 5 }
      },
      "5": {
        "start": { "line": 31, "column": 24 },
        "end": { "line": 31, "column": 66 }
      },
      "6": {
        "start": { "line": 32, "column": 6 },
        "end": { "line": 32, "column": 49 }
      },
      "7": {
        "start": { "line": 34, "column": 20 },
        "end": { "line": 34, "column": 33 }
      },
      "8": {
        "start": { "line": 35, "column": 6 },
        "end": { "line": 35, "column": 66 }
      },
      "9": {
        "start": { "line": 36, "column": 6 },
        "end": { "line": 36, "column": 43 }
      },
      "10": {
        "start": { "line": 40, "column": 2 },
        "end": { "line": 42, "column": 13 }
      },
      "11": {
        "start": { "line": 41, "column": 4 },
        "end": { "line": 41, "column": 11 }
      },
      "12": {
        "start": { "line": 44, "column": 2 },
        "end": { "line": 44, "column": 33 }
      }
    },
    "fnMap": {
      "0": {
        "name": "useDocumentListViewModel",
        "decl": {
          "start": { "line": 22, "column": 16 },
          "end": { "line": 22, "column": 40 }
        },
        "loc": {
          "start": { "line": 22, "column": 43 },
          "end": { "line": 45, "column": 1 }
        },
        "line": 22
      },
      "1": {
        "name": "(anonymous_1)",
        "decl": {
          "start": { "line": 28, "column": 27 },
          "end": { "line": 28, "column": 28 }
        },
        "loc": {
          "start": { "line": 28, "column": 39 },
          "end": { "line": 38, "column": 3 }
        },
        "line": 28
      },
      "2": {
        "name": "(anonymous_2)",
        "decl": {
          "start": { "line": 40, "column": 12 },
          "end": { "line": 40, "column": 13 }
        },
        "loc": {
          "start": { "line": 40, "column": 18 },
          "end": { "line": 42, "column": 3 }
        },
        "line": 40
      }
    },
    "branchMap": {},
    "s": {
      "0": 6,
      "1": 6,
      "2": 6,
      "3": 2,
      "4": 2,
      "5": 2,
      "6": 1,
      "7": 1,
      "8": 1,
      "9": 1,
      "10": 6,
      "11": 2,
      "12": 6
    },
    "f": { "0": 6, "1": 2, "2": 2 },
    "b": {},
    "_coverageSchema": "1a1c01bbd47fc00a2c39e90264f33305004495a9",
    "hash": "ad6fa90ef23ed0b106b8c90b457db30a1c07a262"
  },
  "/Users/ck/workplace/cms-client/packages/mobile/src/features/documents/model/useDocumentUploadViewModel.ts": {
    "path": "/Users/ck/workplace/cms-client/packages/mobile/src/features/documents/model/useDocumentUploadViewModel.ts",
    "statementMap": {
      "0": {
        "start": { "line": 22, "column": 41 },
        "end": { "line": 22, "column": 58 }
      },
      "1": {
        "start": { "line": 23, "column": 28 },
        "end": { "line": 25, "column": 4 }
      },
      "2": {
        "start": { "line": 27, "column": 17 },
        "end": { "line": 53, "column": 3 }
      },
      "3": {
        "start": { "line": 35, "column": 6 },
        "end": { "line": 35, "column": 40 }
      },
      "4": {
        "start": { "line": 36, "column": 6 },
        "end": { "line": 50, "column": 7 }
      },
      "5": {
        "start": { "line": 37, "column": 8 },
        "end": { "line": 44, "column": 10 }
      },
      "6": {
        "start": { "line": 45, "column": 8 },
        "end": { "line": 45, "column": 40 }
      },
      "7": {
        "start": { "line": 47, "column": 22 },
        "end": { "line": 47, "column": 35 }
      },
      "8": {
        "start": { "line": 48, "column": 8 },
        "end": { "line": 48, "column": 70 }
      },
      "9": {
        "start": { "line": 49, "column": 8 },
        "end": { "line": 49, "column": 45 }
      },
      "10": {
        "start": { "line": 55, "column": 2 },
        "end": { "line": 55, "column": 27 }
      }
    },
    "fnMap": {
      "0": {
        "name": "useDocumentUploadViewModel",
        "decl": {
          "start": { "line": 21, "column": 16 },
          "end": { "line": 21, "column": 42 }
        },
        "loc": {
          "start": { "line": 21, "column": 45 },
          "end": { "line": 56, "column": 1 }
        },
        "line": 21
      },
      "1": {
        "name": "(anonymous_1)",
        "decl": {
          "start": { "line": 28, "column": 4 },
          "end": { "line": 28, "column": 5 }
        },
        "loc": {
          "start": { "line": 34, "column": 10 },
          "end": { "line": 51, "column": 5 }
        },
        "line": 34
      }
    },
    "branchMap": {},
    "s": {
      "0": 4,
      "1": 4,
      "2": 4,
      "3": 2,
      "4": 2,
      "5": 2,
      "6": 1,
      "7": 1,
      "8": 1,
      "9": 1,
      "10": 4
    },
    "f": { "0": 4, "1": 2 },
    "b": {},
    "_coverageSchema": "1a1c01bbd47fc00a2c39e90264f33305004495a9",
    "hash": "43f35c969faaf459db1c3cab1db3c1a38a4b6ff1"
  },
  "/Users/ck/workplace/cms-client/packages/mobile/src/features/home/model/useHomeViewModel.ts": {
    "path": "/Users/ck/workplace/cms-client/packages/mobile/src/features/home/model/useHomeViewModel.ts",
    "statementMap": {
      "0": {
        "start": { "line": 60, "column": 37 },
        "end": { "line": 60, "column": 54 }
      },
      "1": {
        "start": { "line": 61, "column": 28 },
        "end": { "line": 61, "column": 71 }
      },
      "2": {
        "start": { "line": 63, "column": 2 },
        "end": { "line": 85, "column": 31 }
      },
      "3": {
        "start": { "line": 64, "column": 20 },
        "end": { "line": 64, "column": 25 }
      },
      "4": {
        "start": { "line": 67, "column": 6 },
        "end": { "line": 67, "column": 38 }
      },
      "5": {
        "start": { "line": 68, "column": 6 },
        "end": { "line": 77, "column": 7 }
      },
      "6": {
        "start": { "line": 69, "column": 21 },
        "end": { "line": 69, "column": 57 }
      },
      "7": {
        "start": { "line": 70, "column": 8 },
        "end": { "line": 70, "column": 30 }
      },
      "8": {
        "start": { "line": 70, "column": 23 },
        "end": { "line": 70, "column": 30 }
      },
      "9": {
        "start": { "line": 71, "column": 8 },
        "end": { "line": 71, "column": 46 }
      },
      "10": {
        "start": { "line": 73, "column": 22 },
        "end": { "line": 73, "column": 35 }
      },
      "11": {
        "start": { "line": 74, "column": 8 },
        "end": { "line": 74, "column": 63 }
      },
      "12": {
        "start": { "line": 75, "column": 8 },
        "end": { "line": 75, "column": 30 }
      },
      "13": {
        "start": { "line": 75, "column": 23 },
        "end": { "line": 75, "column": 30 }
      },
      "14": {
        "start": { "line": 76, "column": 8 },
        "end": { "line": 76, "column": 45 }
      },
      "15": {
        "start": { "line": 80, "column": 4 },
        "end": { "line": 80, "column": 10 }
      },
      "16": {
        "start": { "line": 82, "column": 4 },
        "end": { "line": 84, "column": 6 }
      },
      "17": {
        "start": { "line": 83, "column": 6 },
        "end": { "line": 83, "column": 23 }
      },
      "18": {
        "start": { "line": 87, "column": 2 },
        "end": { "line": 87, "column": 19 }
      }
    },
    "fnMap": {
      "0": {
        "name": "useHomeViewModel",
        "decl": {
          "start": { "line": 59, "column": 16 },
          "end": { "line": 59, "column": 32 }
        },
        "loc": {
          "start": { "line": 59, "column": 35 },
          "end": { "line": 88, "column": 1 }
        },
        "line": 59
      },
      "1": {
        "name": "(anonymous_1)",
        "decl": {
          "start": { "line": 63, "column": 12 },
          "end": { "line": 63, "column": 13 }
        },
        "loc": {
          "start": { "line": 63, "column": 18 },
          "end": { "line": 85, "column": 3 }
        },
        "line": 63
      },
      "2": {
        "name": "run",
        "decl": {
          "start": { "line": 66, "column": 19 },
          "end": { "line": 66, "column": 22 }
        },
        "loc": {
          "start": { "line": 66, "column": 25 },
          "end": { "line": 78, "column": 5 }
        },
        "line": 66
      },
      "3": {
        "name": "(anonymous_3)",
        "decl": {
          "start": { "line": 82, "column": 11 },
          "end": { "line": 82, "column": 12 }
        },
        "loc": {
          "start": { "line": 82, "column": 17 },
          "end": { "line": 84, "column": 5 }
        },
        "line": 82
      }
    },
    "branchMap": {
      "0": {
        "loc": {
          "start": { "line": 70, "column": 8 },
          "end": { "line": 70, "column": 30 }
        },
        "type": "if",
        "locations": [
          {
            "start": { "line": 70, "column": 8 },
            "end": { "line": 70, "column": 30 }
          },
          { "start": {}, "end": {} }
        ],
        "line": 70
      },
      "1": {
        "loc": {
          "start": { "line": 75, "column": 8 },
          "end": { "line": 75, "column": 30 }
        },
        "type": "if",
        "locations": [
          {
            "start": { "line": 75, "column": 8 },
            "end": { "line": 75, "column": 30 }
          },
          { "start": {}, "end": {} }
        ],
        "line": 75
      }
    },
    "s": {
      "0": 3,
      "1": 3,
      "2": 3,
      "3": 1,
      "4": 1,
      "5": 1,
      "6": 1,
      "7": 1,
      "8": 0,
      "9": 1,
      "10": 0,
      "11": 0,
      "12": 0,
      "13": 0,
      "14": 0,
      "15": 1,
      "16": 1,
      "17": 1,
      "18": 3
    },
    "f": { "0": 3, "1": 1, "2": 1, "3": 1 },
    "b": { "0": [0, 1], "1": [0, 0] },
    "_coverageSchema": "1a1c01bbd47fc00a2c39e90264f33305004495a9",
    "hash": "341934a8755fe6eb044f86337e86663962c2522e"
  },
  "/Users/ck/workplace/cms-client/packages/mobile/src/features/inbox/model/useConversationViewModel.ts": {
    "path": "/Users/ck/workplace/cms-client/packages/mobile/src/features/inbox/model/useConversationViewModel.ts",
    "statementMap": {
      "0": {
        "start": { "line": 17, "column": 22 },
        "end": { "line": 17, "column": 27 }
      },
      "1": {
        "start": { "line": 26, "column": 38 },
        "end": { "line": 26, "column": 55 }
      },
      "2": {
        "start": { "line": 27, "column": 28 },
        "end": { "line": 29, "column": 4 }
      },
      "3": {
        "start": { "line": 30, "column": 32 },
        "end": { "line": 30, "column": 47 }
      },
      "4": {
        "start": { "line": 31, "column": 42 },
        "end": { "line": 31, "column": 57 }
      },
      "5": {
        "start": { "line": 32, "column": 19 },
        "end": { "line": 32, "column": 70 }
      },
      "6": {
        "start": { "line": 34, "column": 23 },
        "end": { "line": 43, "column": 47 }
      },
      "7": {
        "start": { "line": 35, "column": 4 },
        "end": { "line": 42, "column": 5 }
      },
      "8": {
        "start": { "line": 36, "column": 23 },
        "end": { "line": 36, "column": 72 }
      },
      "9": {
        "start": { "line": 37, "column": 6 },
        "end": { "line": 37, "column": 48 }
      },
      "10": {
        "start": { "line": 39, "column": 20 },
        "end": { "line": 39, "column": 33 }
      },
      "11": {
        "start": { "line": 40, "column": 6 },
        "end": { "line": 40, "column": 69 }
      },
      "12": {
        "start": { "line": 41, "column": 6 },
        "end": { "line": 41, "column": 43 }
      },
      "13": {
        "start": { "line": 45, "column": 2 },
        "end": { "line": 53, "column": 21 }
      },
      "14": {
        "start": { "line": 46, "column": 4 },
        "end": { "line": 46, "column": 36 }
      },
      "15": {
        "start": { "line": 47, "column": 4 },
        "end": { "line": 47, "column": 19 }
      },
      "16": {
        "start": { "line": 49, "column": 4 },
        "end": { "line": 49, "column": 64 }
      },
      "17": {
        "start": { "line": 50, "column": 4 },
        "end": { "line": 52, "column": 6 }
      },
      "18": {
        "start": { "line": 51, "column": 6 },
        "end": { "line": 51, "column": 60 }
      },
      "19": {
        "start": { "line": 51, "column": 28 },
        "end": { "line": 51, "column": 60 }
      },
      "20": {
        "start": { "line": 55, "column": 22 },
        "end": { "line": 69, "column": 3 }
      },
      "21": {
        "start": { "line": 57, "column": 6 },
        "end": { "line": 57, "column": 23 }
      },
      "22": {
        "start": { "line": 58, "column": 6 },
        "end": { "line": 66, "column": 7 }
      },
      "23": {
        "start": { "line": 59, "column": 8 },
        "end": { "line": 59, "column": 64 }
      },
      "24": {
        "start": { "line": 60, "column": 8 },
        "end": { "line": 60, "column": 29 }
      },
      "25": {
        "start": { "line": 62, "column": 22 },
        "end": { "line": 62, "column": 35 }
      },
      "26": {
        "start": { "line": 63, "column": 8 },
        "end": { "line": 63, "column": 71 }
      },
      "27": {
        "start": { "line": 65, "column": 8 },
        "end": { "line": 65, "column": 26 }
      },
      "28": {
        "start": { "line": 71, "column": 28 },
        "end": { "line": 73, "column": 8 }
      },
      "29": {
        "start": { "line": 72, "column": 4 },
        "end": { "line": 72, "column": 37 }
      },
      "30": {
        "start": { "line": 72, "column": 30 },
        "end": { "line": 72, "column": 35 }
      },
      "31": {
        "start": { "line": 75, "column": 2 },
        "end": { "line": 75, "column": 74 }
      }
    },
    "fnMap": {
      "0": {
        "name": "useConversationViewModel",
        "decl": {
          "start": { "line": 25, "column": 16 },
          "end": { "line": 25, "column": 40 }
        },
        "loc": {
          "start": { "line": 25, "column": 65 },
          "end": { "line": 76, "column": 1 }
        },
        "line": 25
      },
      "1": {
        "name": "(anonymous_1)",
        "decl": {
          "start": { "line": 34, "column": 35 },
          "end": { "line": 34, "column": 36 }
        },
        "loc": {
          "start": { "line": 34, "column": 47 },
          "end": { "line": 43, "column": 3 }
        },
        "line": 34
      },
      "2": {
        "name": "(anonymous_2)",
        "decl": {
          "start": { "line": 45, "column": 12 },
          "end": { "line": 45, "column": 13 }
        },
        "loc": {
          "start": { "line": 45, "column": 18 },
          "end": { "line": 53, "column": 3 }
        },
        "line": 45
      },
      "3": {
        "name": "(anonymous_3)",
        "decl": {
          "start": { "line": 50, "column": 11 },
          "end": { "line": 50, "column": 12 }
        },
        "loc": {
          "start": { "line": 50, "column": 17 },
          "end": { "line": 52, "column": 5 }
        },
        "line": 50
      },
      "4": {
        "name": "(anonymous_4)",
        "decl": {
          "start": { "line": 56, "column": 4 },
          "end": { "line": 56, "column": 5 }
        },
        "loc": {
          "start": { "line": 56, "column": 28 },
          "end": { "line": 67, "column": 5 }
        },
        "line": 56
      },
      "5": {
        "name": "(anonymous_5)",
        "decl": {
          "start": { "line": 71, "column": 40 },
          "end": { "line": 71, "column": 41 }
        },
        "loc": {
          "start": { "line": 71, "column": 46 },
          "end": { "line": 73, "column": 3 }
        },
        "line": 71
      },
      "6": {
        "name": "(anonymous_6)",
        "decl": {
          "start": { "line": 72, "column": 20 },
          "end": { "line": 72, "column": 21 }
        },
        "loc": {
          "start": { "line": 72, "column": 30 },
          "end": { "line": 72, "column": 35 }
        },
        "line": 72
      }
    },
    "branchMap": {
      "0": {
        "loc": {
          "start": { "line": 51, "column": 6 },
          "end": { "line": 51, "column": 60 }
        },
        "type": "if",
        "locations": [
          {
            "start": { "line": 51, "column": 6 },
            "end": { "line": 51, "column": 60 }
          },
          { "start": {}, "end": {} }
        ],
        "line": 51
      }
    },
    "s": {
      "0": 1,
      "1": 7,
      "2": 7,
      "3": 7,
      "4": 7,
      "5": 7,
      "6": 7,
      "7": 3,
      "8": 3,
      "9": 3,
      "10": 0,
      "11": 0,
      "12": 0,
      "13": 7,
      "14": 2,
      "15": 2,
      "16": 2,
      "17": 2,
      "18": 2,
      "19": 2,
      "20": 7,
      "21": 1,
      "22": 1,
      "23": 1,
      "24": 1,
      "25": 0,
      "26": 0,
      "27": 1,
      "28": 7,
      "29": 0,
      "30": 0,
      "31": 7
    },
    "f": { "0": 7, "1": 3, "2": 2, "3": 2, "4": 1, "5": 0, "6": 0 },
    "b": { "0": [2, 0] },
    "_coverageSchema": "1a1c01bbd47fc00a2c39e90264f33305004495a9",
    "hash": "5b2fe926e63d1299402145df33dfa1201485d0bd"
  },
  "/Users/ck/workplace/cms-client/packages/mobile/src/features/inbox/model/useInboxViewModel.ts": {
    "path": "/Users/ck/workplace/cms-client/packages/mobile/src/features/inbox/model/useInboxViewModel.ts",
    "statementMap": {
      "0": {
        "start": { "line": 23, "column": 38 },
        "end": { "line": 23, "column": 55 }
      },
      "1": {
        "start": { "line": 24, "column": 28 },
        "end": { "line": 24, "column": 72 }
      },
      "2": {
        "start": { "line": 26, "column": 2 },
        "end": { "line": 47, "column": 32 }
      },
      "3": {
        "start": { "line": 27, "column": 20 },
        "end": { "line": 27, "column": 25 }
      },
      "4": {
        "start": { "line": 30, "column": 6 },
        "end": { "line": 30, "column": 38 }
      },
      "5": {
        "start": { "line": 31, "column": 6 },
        "end": { "line": 40, "column": 7 }
      },
      "6": {
        "start": { "line": 32, "column": 30 },
        "end": { "line": 32, "column": 71 }
      },
      "7": {
        "start": { "line": 33, "column": 8 },
        "end": { "line": 33, "column": 30 }
      },
      "8": {
        "start": { "line": 33, "column": 23 },
        "end": { "line": 33, "column": 30 }
      },
      "9": {
        "start": { "line": 34, "column": 8 },
        "end": { "line": 34, "column": 55 }
      },
      "10": {
        "start": { "line": 36, "column": 22 },
        "end": { "line": 36, "column": 35 }
      },
      "11": {
        "start": { "line": 37, "column": 8 },
        "end": { "line": 37, "column": 64 }
      },
      "12": {
        "start": { "line": 38, "column": 8 },
        "end": { "line": 38, "column": 30 }
      },
      "13": {
        "start": { "line": 38, "column": 23 },
        "end": { "line": 38, "column": 30 }
      },
      "14": {
        "start": { "line": 39, "column": 8 },
        "end": { "line": 39, "column": 45 }
      },
      "15": {
        "start": { "line": 43, "column": 4 },
        "end": { "line": 43, "column": 10 }
      },
      "16": {
        "start": { "line": 44, "column": 4 },
        "end": { "line": 46, "column": 6 }
      },
      "17": {
        "start": { "line": 45, "column": 6 },
        "end": { "line": 45, "column": 23 }
      },
      "18": {
        "start": { "line": 49, "column": 2 },
        "end": { "line": 49, "column": 19 }
      }
    },
    "fnMap": {
      "0": {
        "name": "useInboxViewModel",
        "decl": {
          "start": { "line": 22, "column": 16 },
          "end": { "line": 22, "column": 33 }
        },
        "loc": {
          "start": { "line": 22, "column": 36 },
          "end": { "line": 50, "column": 1 }
        },
        "line": 22
      },
      "1": {
        "name": "(anonymous_1)",
        "decl": {
          "start": { "line": 26, "column": 12 },
          "end": { "line": 26, "column": 13 }
        },
        "loc": {
          "start": { "line": 26, "column": 18 },
          "end": { "line": 47, "column": 3 }
        },
        "line": 26
      },
      "2": {
        "name": "run",
        "decl": {
          "start": { "line": 29, "column": 19 },
          "end": { "line": 29, "column": 22 }
        },
        "loc": {
          "start": { "line": 29, "column": 25 },
          "end": { "line": 41, "column": 5 }
        },
        "line": 29
      },
      "3": {
        "name": "(anonymous_3)",
        "decl": {
          "start": { "line": 44, "column": 11 },
          "end": { "line": 44, "column": 12 }
        },
        "loc": {
          "start": { "line": 44, "column": 17 },
          "end": { "line": 46, "column": 5 }
        },
        "line": 44
      }
    },
    "branchMap": {
      "0": {
        "loc": {
          "start": { "line": 33, "column": 8 },
          "end": { "line": 33, "column": 30 }
        },
        "type": "if",
        "locations": [
          {
            "start": { "line": 33, "column": 8 },
            "end": { "line": 33, "column": 30 }
          },
          { "start": {}, "end": {} }
        ],
        "line": 33
      },
      "1": {
        "loc": {
          "start": { "line": 38, "column": 8 },
          "end": { "line": 38, "column": 30 }
        },
        "type": "if",
        "locations": [
          {
            "start": { "line": 38, "column": 8 },
            "end": { "line": 38, "column": 30 }
          },
          { "start": {}, "end": {} }
        ],
        "line": 38
      }
    },
    "s": {
      "0": 6,
      "1": 6,
      "2": 6,
      "3": 2,
      "4": 2,
      "5": 2,
      "6": 2,
      "7": 1,
      "8": 0,
      "9": 1,
      "10": 1,
      "11": 1,
      "12": 1,
      "13": 0,
      "14": 1,
      "15": 2,
      "16": 2,
      "17": 2,
      "18": 6
    },
    "f": { "0": 6, "1": 2, "2": 2, "3": 2 },
    "b": { "0": [0, 1], "1": [0, 1] },
    "_coverageSchema": "1a1c01bbd47fc00a2c39e90264f33305004495a9",
    "hash": "4d103e80555af3d9d41736e05e6d5e10cb8eec58"
  },
  "/Users/ck/workplace/cms-client/packages/mobile/src/features/profile/model/useProfileViewModel.ts": {
    "path": "/Users/ck/workplace/cms-client/packages/mobile/src/features/profile/model/useProfileViewModel.ts",
    "statementMap": {
      "0": {
        "start": { "line": 24, "column": 40 },
        "end": { "line": 24, "column": 57 }
      },
      "1": {
        "start": { "line": 25, "column": 28 },
        "end": { "line": 25, "column": 74 }
      },
      "2": {
        "start": { "line": 27, "column": 2 },
        "end": { "line": 48, "column": 34 }
      },
      "3": {
        "start": { "line": 28, "column": 20 },
        "end": { "line": 28, "column": 25 }
      },
      "4": {
        "start": { "line": 31, "column": 6 },
        "end": { "line": 31, "column": 38 }
      },
      "5": {
        "start": { "line": 32, "column": 6 },
        "end": { "line": 41, "column": 7 }
      },
      "6": {
        "start": { "line": 33, "column": 21 },
        "end": { "line": 33, "column": 57 }
      },
      "7": {
        "start": { "line": 34, "column": 8 },
        "end": { "line": 34, "column": 30 }
      },
      "8": {
        "start": { "line": 34, "column": 23 },
        "end": { "line": 34, "column": 30 }
      },
      "9": {
        "start": { "line": 35, "column": 8 },
        "end": { "line": 35, "column": 46 }
      },
      "10": {
        "start": { "line": 37, "column": 22 },
        "end": { "line": 37, "column": 35 }
      },
      "11": {
        "start": { "line": 38, "column": 8 },
        "end": { "line": 38, "column": 66 }
      },
      "12": {
        "start": { "line": 39, "column": 8 },
        "end": { "line": 39, "column": 30 }
      },
      "13": {
        "start": { "line": 39, "column": 23 },
        "end": { "line": 39, "column": 30 }
      },
      "14": {
        "start": { "line": 40, "column": 8 },
        "end": { "line": 40, "column": 45 }
      },
      "15": {
        "start": { "line": 44, "column": 4 },
        "end": { "line": 44, "column": 10 }
      },
      "16": {
        "start": { "line": 45, "column": 4 },
        "end": { "line": 47, "column": 6 }
      },
      "17": {
        "start": { "line": 46, "column": 6 },
        "end": { "line": 46, "column": 23 }
      },
      "18": {
        "start": { "line": 50, "column": 24 },
        "end": { "line": 64, "column": 3 }
      },
      "19": {
        "start": { "line": 52, "column": 6 },
        "end": { "line": 52, "column": 45 }
      },
      "20": {
        "start": { "line": 52, "column": 38 },
        "end": { "line": 52, "column": 45 }
      },
      "21": {
        "start": { "line": 53, "column": 6 },
        "end": { "line": 53, "column": 57 }
      },
      "22": {
        "start": { "line": 54, "column": 6 },
        "end": { "line": 61, "column": 7 }
      },
      "23": {
        "start": { "line": 55, "column": 21 },
        "end": { "line": 55, "column": 64 }
      },
      "24": {
        "start": { "line": 56, "column": 8 },
        "end": { "line": 56, "column": 46 }
      },
      "25": {
        "start": { "line": 58, "column": 22 },
        "end": { "line": 58, "column": 35 }
      },
      "26": {
        "start": { "line": 59, "column": 8 },
        "end": { "line": 59, "column": 68 }
      },
      "27": {
        "start": { "line": 60, "column": 8 },
        "end": { "line": 60, "column": 45 }
      },
      "28": {
        "start": { "line": 66, "column": 17 },
        "end": { "line": 73, "column": 33 }
      },
      "29": {
        "start": { "line": 67, "column": 4 },
        "end": { "line": 72, "column": 5 }
      },
      "30": {
        "start": { "line": 68, "column": 6 },
        "end": { "line": 68, "column": 39 }
      },
      "31": {
        "start": { "line": 70, "column": 20 },
        "end": { "line": 70, "column": 33 }
      },
      "32": {
        "start": { "line": 71, "column": 6 },
        "end": { "line": 71, "column": 66 }
      },
      "33": {
        "start": { "line": 75, "column": 2 },
        "end": { "line": 75, "column": 42 }
      }
    },
    "fnMap": {
      "0": {
        "name": "useProfileViewModel",
        "decl": {
          "start": { "line": 23, "column": 16 },
          "end": { "line": 23, "column": 35 }
        },
        "loc": {
          "start": { "line": 23, "column": 38 },
          "end": { "line": 76, "column": 1 }
        },
        "line": 23
      },
      "1": {
        "name": "(anonymous_1)",
        "decl": {
          "start": { "line": 27, "column": 12 },
          "end": { "line": 27, "column": 13 }
        },
        "loc": {
          "start": { "line": 27, "column": 18 },
          "end": { "line": 48, "column": 3 }
        },
        "line": 27
      },
      "2": {
        "name": "run",
        "decl": {
          "start": { "line": 30, "column": 19 },
          "end": { "line": 30, "column": 22 }
        },
        "loc": {
          "start": { "line": 30, "column": 25 },
          "end": { "line": 42, "column": 5 }
        },
        "line": 30
      },
      "3": {
        "name": "(anonymous_3)",
        "decl": {
          "start": { "line": 45, "column": 11 },
          "end": { "line": 45, "column": 12 }
        },
        "loc": {
          "start": { "line": 45, "column": 17 },
          "end": { "line": 47, "column": 5 }
        },
        "line": 45
      },
      "4": {
        "name": "(anonymous_4)",
        "decl": {
          "start": { "line": 51, "column": 4 },
          "end": { "line": 51, "column": 5 }
        },
        "loc": {
          "start": { "line": 51, "column": 67 },
          "end": { "line": 62, "column": 5 }
        },
        "line": 51
      },
      "5": {
        "name": "(anonymous_5)",
        "decl": {
          "start": { "line": 66, "column": 29 },
          "end": { "line": 66, "column": 30 }
        },
        "loc": {
          "start": { "line": 66, "column": 41 },
          "end": { "line": 73, "column": 3 }
        },
        "line": 66
      }
    },
    "branchMap": {
      "0": {
        "loc": {
          "start": { "line": 34, "column": 8 },
          "end": { "line": 34, "column": 30 }
        },
        "type": "if",
        "locations": [
          {
            "start": { "line": 34, "column": 8 },
            "end": { "line": 34, "column": 30 }
          },
          { "start": {}, "end": {} }
        ],
        "line": 34
      },
      "1": {
        "loc": {
          "start": { "line": 39, "column": 8 },
          "end": { "line": 39, "column": 30 }
        },
        "type": "if",
        "locations": [
          {
            "start": { "line": 39, "column": 8 },
            "end": { "line": 39, "column": 30 }
          },
          { "start": {}, "end": {} }
        ],
        "line": 39
      },
      "2": {
        "loc": {
          "start": { "line": 52, "column": 6 },
          "end": { "line": 52, "column": 45 }
        },
        "type": "if",
        "locations": [
          {
            "start": { "line": 52, "column": 6 },
            "end": { "line": 52, "column": 45 }
          },
          { "start": {}, "end": {} }
        ],
        "line": 52
      }
    },
    "s": {
      "0": 13,
      "1": 13,
      "2": 13,
      "3": 4,
      "4": 4,
      "5": 4,
      "6": 4,
      "7": 3,
      "8": 0,
      "9": 3,
      "10": 1,
      "11": 1,
      "12": 1,
      "13": 0,
      "14": 1,
      "15": 4,
      "16": 4,
      "17": 4,
      "18": 13,
      "19": 1,
      "20": 0,
      "21": 1,
      "22": 1,
      "23": 1,
      "24": 1,
      "25": 0,
      "26": 0,
      "27": 0,
      "28": 13,
      "29": 1,
      "30": 1,
      "31": 0,
      "32": 0,
      "33": 13
    },
    "f": { "0": 13, "1": 4, "2": 4, "3": 4, "4": 1, "5": 1 },
    "b": { "0": [0, 3], "1": [0, 1], "2": [0, 1] },
    "_coverageSchema": "1a1c01bbd47fc00a2c39e90264f33305004495a9",
    "hash": "2137af3753b091d92a492ff6f111fb109cfb9a9e"
  }
}
