TN:
SF:src/data/auth/AuthApi.ts
FN:13,toContactBody
FN:25,createAuthApi
FN:37,(anonymous_2)
FN:52,(anonymous_3)
FN:70,(anonymous_4)
FNF:5
FNH:0
FNDA:0,toContactBody
FNDA:0,createAuthApi
FNDA:0,(anonymous_2)
FNDA:0,(anonymous_3)
FNDA:0,(anonymous_4)
DA:14,0
DA:29,0
DA:31,0
DA:38,0
DA:56,0
DA:61,0
DA:71,0
DA:76,0
LF:8
LH:0
BRDA:14,0,0,0
BRDA:14,0,1,0
BRF:2
BRH:0
end_of_record
TN:
SF:src/data/auth/createAuthRepository.ts
FN:18,createAuthRepository
FN:29,(anonymous_1)
FN:33,(anonymous_2)
FN:39,(anonymous_3)
FNF:4
FNH:0
FNDA:0,createAuthRepository
FNDA:0,(anonymous_1)
FNDA:0,(anonymous_2)
FNDA:0,(anonymous_3)
DA:7,0
DA:23,0
DA:28,0
DA:30,0
DA:34,0
DA:35,0
DA:36,0
DA:40,0
DA:41,0
DA:42,0
LF:10
LH:0
BRDA:41,0,0,0
BRDA:41,0,1,0
BRF:2
BRH:0
end_of_record
TN:
SF:src/data/case/CaseApi.ts
FN:19,authHeaders
FN:35,createCaseApi
FN:48,(anonymous_2)
FN:64,(anonymous_3)
FNF:4
FNH:0
FNDA:0,authHeaders
FNDA:0,createCaseApi
FNDA:0,(anonymous_2)
FNDA:0,(anonymous_3)
DA:22,0
DA:23,0
DA:40,0
DA:42,0
DA:49,0
DA:50,0
DA:55,0
DA:65,0
DA:66,0
DA:83,0
LF:10
LH:0
BRDA:23,0,0,0
BRDA:23,0,1,0
BRF:2
BRH:0
end_of_record
TN:
SF:src/data/case/createCaseRepository.ts
FN:16,createCaseRepository
FN:24,(anonymous_1)
FN:28,(anonymous_2)
FN:31,(anonymous_3)
FNF:4
FNH:0
FNDA:0,createCaseRepository
FNDA:0,(anonymous_1)
FNDA:0,(anonymous_2)
FNDA:0,(anonymous_3)
DA:21,0
DA:24,0
DA:27,0
DA:29,0
DA:32,0
LF:5
LH:0
BRF:0
BRH:0
end_of_record
TN:
SF:src/data/documents/DocumentApi.ts
FN:26,authHeaders
FN:47,uploadDoc
FN:68,downloadUrl
FN:87,createDocumentApi
FN:96,(anonymous_4)
FN:108,(anonymous_5)
FN:109,(anonymous_6)
FNF:7
FNH:0
FNDA:0,authHeaders
FNDA:0,uploadDoc
FNDA:0,downloadUrl
FNDA:0,createDocumentApi
FNDA:0,(anonymous_4)
FNDA:0,(anonymous_5)
FNDA:0,(anonymous_6)
DA:29,0
DA:30,0
DA:51,0
DA:52,0
DA:58,0
DA:69,0
DA:70,0
DA:75,0
DA:88,0
DA:99,0
DA:100,0
DA:101,0
DA:106,0
DA:108,0
DA:109,0
LF:15
LH:0
BRDA:30,0,0,0
BRDA:30,0,1,0
BRDA:100,1,0,0
BRDA:100,1,1,0
BRF:4
BRH:0
end_of_record
TN:
SF:src/data/documents/createDocumentRepository.ts
FN:16,createDocumentRepository
FN:24,(anonymous_1)
FN:28,(anonymous_2)
FN:31,(anonymous_3)
FN:41,(anonymous_4)
FNF:5
FNH:0
FNDA:0,createDocumentRepository
FNDA:0,(anonymous_1)
FNDA:0,(anonymous_2)
FNDA:0,(anonymous_3)
FNDA:0,(anonymous_4)
DA:21,0
DA:24,0
DA:27,0
DA:29,0
DA:32,0
DA:42,0
LF:6
LH:0
BRF:0
BRH:0
end_of_record
TN:
SF:src/data/home/createHomeRepository.ts
FN:16,createHomeRepository
FN:25,(anonymous_1)
FNF:2
FNH:0
FNDA:0,createHomeRepository
FNDA:0,(anonymous_1)
DA:19,0
DA:26,0
DA:30,0
LF:3
LH:0
BRF:0
BRH:0
end_of_record
TN:
SF:src/data/inbox/InboxApi.ts
FN:26,pickTranslation
FN:36,toMessage
FN:54,authHeaders
FN:76,fetchMessages
FN:89,(anonymous_4)
FN:100,postMessage
FN:135,createInboxApi
FN:142,(anonymous_7)
FN:151,(anonymous_8)
FN:152,(anonymous_9)
FNF:10
FNH:0
FNDA:0,pickTranslation
FNDA:0,toMessage
FNDA:0,authHeaders
FNDA:0,fetchMessages
FNDA:0,(anonymous_4)
FNDA:0,postMessage
FNDA:0,createInboxApi
FNDA:0,(anonymous_7)
FNDA:0,(anonymous_8)
FNDA:0,(anonymous_9)
DA:30,0
DA:31,0
DA:32,0
DA:33,0
DA:37,0
DA:57,0
DA:58,0
DA:80,0
DA:84,0
DA:89,0
DA:105,0
DA:109,0
DA:116,0
DA:122,0
DA:136,0
DA:143,0
DA:144,0
DA:149,0
DA:151,0
DA:152,0
LF:20
LH:0
BRDA:30,0,0,0
BRDA:30,0,1,0
BRDA:31,1,0,0
BRDA:31,1,1,0
BRDA:32,2,0,0
BRDA:32,2,1,0
BRDA:58,3,0,0
BRDA:58,3,1,0
BRF:8
BRH:0
end_of_record
TN:
SF:src/data/inbox/createInboxRepository.ts
FN:16,createInboxRepository
FN:24,(anonymous_1)
FN:25,(anonymous_2)
FN:30,(anonymous_3)
FN:33,(anonymous_4)
FN:36,(anonymous_5)
FNF:6
FNH:0
FNDA:0,createInboxRepository
FNDA:0,(anonymous_1)
FNDA:0,(anonymous_2)
FNDA:0,(anonymous_3)
FNDA:0,(anonymous_4)
FNDA:0,(anonymous_5)
DA:21,0
DA:24,0
DA:26,0
DA:29,0
DA:31,0
DA:34,0
DA:37,0
LF:7
LH:0
BRDA:26,0,0,0
BRDA:26,0,1,0
BRF:2
BRH:0
end_of_record
TN:
SF:src/data/profile/ProfileApi.ts
FN:13,createProfileApi
FN:20,headers
FN:31,(anonymous_2)
FN:51,(anonymous_3)
FNF:4
FNH:0
FNDA:0,createProfileApi
FNDA:0,headers
FNDA:0,(anonymous_2)
FNDA:0,(anonymous_3)
DA:18,0
DA:21,0
DA:22,0
DA:25,0
DA:32,0
DA:33,0
DA:38,0
DA:56,0
DA:57,0
DA:63,0
LF:10
LH:0
BRDA:22,0,0,0
BRDA:22,0,1,0
BRF:2
BRH:0
end_of_record
TN:
SF:src/data/profile/createProfileRepository.ts
FN:19,createProfileRepository
FN:27,(anonymous_1)
FN:31,(anonymous_2)
FN:35,(anonymous_3)
FN:48,(anonymous_4)
FNF:5
FNH:0
FNDA:0,createProfileRepository
FNDA:0,(anonymous_1)
FNDA:0,(anonymous_2)
FNDA:0,(anonymous_3)
FNDA:0,(anonymous_4)
DA:7,0
DA:8,0
DA:24,0
DA:27,0
DA:30,0
DA:32,0
DA:36,0
DA:37,0
DA:38,0
DA:39,0
DA:40,0
DA:45,0
DA:49,0
DA:50,0
LF:14
LH:0
BRDA:37,0,0,0
BRDA:37,0,1,0
BRDA:39,1,0,0
BRDA:39,1,1,0
BRF:4
BRH:0
end_of_record
TN:
SF:src/domain/auth/AppUser.ts
FNF:0
FNH:0
LF:0
LH:0
BRF:0
BRH:0
end_of_record
TN:
SF:src/domain/auth/AuthRepository.ts
FNF:0
FNH:0
LF:0
LH:0
BRF:0
BRH:0
end_of_record
TN:
SF:src/domain/case/Case.ts
FNF:0
FNH:0
LF:0
LH:0
BRF:0
BRH:0
end_of_record
TN:
SF:src/domain/case/CaseRepository.ts
FNF:0
FNH:0
LF:0
LH:0
BRF:0
BRH:0
end_of_record
TN:
SF:src/domain/documents/DocumentRepository.ts
FNF:0
FNH:0
LF:0
LH:0
BRF:0
BRH:0
end_of_record
TN:
SF:src/domain/documents/UserDocument.ts
FNF:0
FNH:0
LF:0
LH:0
BRF:0
BRH:0
end_of_record
TN:
SF:src/domain/home/HomeRepository.ts
FNF:0
FNH:0
LF:0
LH:0
BRF:0
BRH:0
end_of_record
TN:
SF:src/domain/home/Todo.ts
FNF:0
FNH:0
LF:0
LH:0
BRF:0
BRH:0
end_of_record
TN:
SF:src/domain/inbox/Conversation.ts
FNF:0
FNH:0
LF:0
LH:0
BRF:0
BRH:0
end_of_record
TN:
SF:src/domain/inbox/InboxRepository.ts
FNF:0
FNH:0
LF:0
LH:0
BRF:0
BRH:0
end_of_record
TN:
SF:src/domain/inbox/Message.ts
FN:28,getDisplayText
FNF:1
FNH:0
FNDA:0,getDisplayText
DA:32,0
DA:33,0
LF:2
LH:0
BRDA:32,0,0,0
BRDA:32,0,1,0
BRDA:33,1,0,0
BRDA:33,1,1,0
BRF:4
BRH:0
end_of_record
TN:
SF:src/domain/profile/ProfileRepository.ts
FNF:0
FNH:0
LF:0
LH:0
BRF:0
BRH:0
end_of_record
TN:
SF:src/features/auth/model/useLoginViewModel.ts
FN:26,useLoginViewModel
FN:31,(anonymous_1)
FN:46,(anonymous_2)
FNF:3
FNH:3
FNDA:9,useLoginViewModel
FNDA:2,(anonymous_1)
FNDA:2,(anonymous_2)
DA:27,9
DA:28,9
DA:30,9
DA:32,2
DA:33,2
DA:34,2
DA:35,1
DA:37,1
DA:38,1
DA:39,1
DA:45,9
DA:47,2
DA:48,2
DA:49,2
DA:50,1
DA:52,1
DA:53,1
DA:54,1
DA:60,9
LF:19
LH:19
BRF:0
BRH:0
end_of_record
TN:
SF:src/features/case/model/useCaseDetailViewModel.ts
FN:23,useCaseDetailViewModel
FN:27,(anonymous_1)
FN:30,run
FN:45,(anonymous_3)
FNF:4
FNH:4
FNDA:6,useCaseDetailViewModel
FNDA:2,(anonymous_1)
FNDA:2,run
FNDA:2,(anonymous_3)
DA:24,6
DA:25,6
DA:27,6
DA:28,2
DA:31,2
DA:32,2
DA:33,2
DA:34,1
DA:35,1
DA:37,1
DA:38,1
DA:39,1
DA:40,1
DA:44,2
DA:45,2
DA:46,2
DA:50,6
LF:17
LH:17
BRDA:34,0,0,0
BRDA:34,0,1,1
BRDA:39,1,0,0
BRDA:39,1,1,1
BRF:4
BRH:2
end_of_record
TN:
SF:src/features/case/model/useCaseListViewModel.ts
FN:22,useCaseListViewModel
FN:26,(anonymous_1)
FN:29,run
FN:44,(anonymous_3)
FNF:4
FNH:4
FNDA:6,useCaseListViewModel
FNDA:2,(anonymous_1)
FNDA:2,run
FNDA:2,(anonymous_3)
DA:23,6
DA:24,6
DA:26,6
DA:27,2
DA:30,2
DA:31,2
DA:32,2
DA:33,1
DA:34,1
DA:36,1
DA:37,1
DA:38,1
DA:39,1
DA:43,2
DA:44,2
DA:45,2
DA:49,6
LF:17
LH:17
BRDA:33,0,0,0
BRDA:33,0,1,1
BRDA:38,1,0,0
BRDA:38,1,1,1
BRF:4
BRH:2
end_of_record
TN:
SF:src/features/documents/model/useDocumentListViewModel.ts
FN:22,useDocumentListViewModel
FN:28,(anonymous_1)
FN:40,(anonymous_2)
FNF:3
FNH:3
FNDA:6,useDocumentListViewModel
FNDA:2,(anonymous_1)
FNDA:2,(anonymous_2)
DA:23,6
DA:24,6
DA:28,6
DA:29,2
DA:30,2
DA:31,2
DA:32,1
DA:34,1
DA:35,1
DA:36,1
DA:40,6
DA:41,2
DA:44,6
LF:13
LH:13
BRF:0
BRH:0
end_of_record
TN:
SF:src/features/documents/model/useDocumentUploadViewModel.ts
FN:21,useDocumentUploadViewModel
FN:28,(anonymous_1)
FNF:2
FNH:2
FNDA:4,useDocumentUploadViewModel
FNDA:2,(anonymous_1)
DA:22,4
DA:23,4
DA:27,4
DA:35,2
DA:36,2
DA:37,2
DA:45,1
DA:47,1
DA:48,1
DA:49,1
DA:55,4
LF:11
LH:11
BRF:0
BRH:0
end_of_record
TN:
SF:src/features/home/model/useHomeViewModel.ts
FN:59,useHomeViewModel
FN:63,(anonymous_1)
FN:66,run
FN:82,(anonymous_3)
FNF:4
FNH:4
FNDA:3,useHomeViewModel
FNDA:1,(anonymous_1)
FNDA:1,run
FNDA:1,(anonymous_3)
DA:60,3
DA:61,3
DA:63,3
DA:64,1
DA:67,1
DA:68,1
DA:69,1
DA:70,1
DA:71,1
DA:73,0
DA:74,0
DA:75,0
DA:76,0
DA:80,1
DA:82,1
DA:83,1
DA:87,3
LF:17
LH:13
BRDA:70,0,0,0
BRDA:70,0,1,1
BRDA:75,1,0,0
BRDA:75,1,1,0
BRF:4
BRH:1
end_of_record
TN:
SF:src/features/inbox/model/useConversationViewModel.ts
FN:25,useConversationViewModel
FN:34,(anonymous_1)
FN:45,(anonymous_2)
FN:50,(anonymous_3)
FN:56,(anonymous_4)
FN:71,(anonymous_5)
FN:72,(anonymous_6)
FNF:7
FNH:5
FNDA:7,useConversationViewModel
FNDA:3,(anonymous_1)
FNDA:2,(anonymous_2)
FNDA:2,(anonymous_3)
FNDA:1,(anonymous_4)
FNDA:0,(anonymous_5)
FNDA:0,(anonymous_6)
DA:17,1
DA:26,7
DA:27,7
DA:30,7
DA:31,7
DA:32,7
DA:34,7
DA:35,3
DA:36,3
DA:37,3
DA:39,0
DA:40,0
DA:41,0
DA:45,7
DA:46,2
DA:47,2
DA:49,2
DA:50,2
DA:51,2
DA:55,7
DA:57,1
DA:58,1
DA:59,1
DA:60,1
DA:62,0
DA:63,0
DA:65,1
DA:71,7
DA:72,0
DA:75,7
LF:30
LH:24
BRDA:51,0,0,2
BRDA:51,0,1,0
BRF:2
BRH:1
end_of_record
TN:
SF:src/features/inbox/model/useInboxViewModel.ts
FN:22,useInboxViewModel
FN:26,(anonymous_1)
FN:29,run
FN:44,(anonymous_3)
FNF:4
FNH:4
FNDA:6,useInboxViewModel
FNDA:2,(anonymous_1)
FNDA:2,run
FNDA:2,(anonymous_3)
DA:23,6
DA:24,6
DA:26,6
DA:27,2
DA:30,2
DA:31,2
DA:32,2
DA:33,1
DA:34,1
DA:36,1
DA:37,1
DA:38,1
DA:39,1
DA:43,2
DA:44,2
DA:45,2
DA:49,6
LF:17
LH:17
BRDA:33,0,0,0
BRDA:33,0,1,1
BRDA:38,1,0,0
BRDA:38,1,1,1
BRF:4
BRH:2
end_of_record
TN:
SF:src/features/profile/model/useProfileViewModel.ts
FN:23,useProfileViewModel
FN:27,(anonymous_1)
FN:30,run
FN:45,(anonymous_3)
FN:51,(anonymous_4)
FN:66,(anonymous_5)
FNF:6
FNH:6
FNDA:13,useProfileViewModel
FNDA:4,(anonymous_1)
FNDA:4,run
FNDA:4,(anonymous_3)
FNDA:1,(anonymous_4)
FNDA:1,(anonymous_5)
DA:24,13
DA:25,13
DA:27,13
DA:28,4
DA:31,4
DA:32,4
DA:33,4
DA:34,3
DA:35,3
DA:37,1
DA:38,1
DA:39,1
DA:40,1
DA:44,4
DA:45,4
DA:46,4
DA:50,13
DA:52,1
DA:53,1
DA:54,1
DA:55,1
DA:56,1
DA:58,0
DA:59,0
DA:60,0
DA:66,13
DA:67,1
DA:68,1
DA:70,0
DA:71,0
DA:75,13
LF:31
LH:26
BRDA:34,0,0,0
BRDA:34,0,1,3
BRDA:39,1,0,0
BRDA:39,1,1,1
BRDA:52,2,0,0
BRDA:52,2,1,1
BRF:6
BRH:3
end_of_record
