TN:
SF:src/config/env.ts
FN:5,__name
FN:8,requireEnv
FN:18,numberEnv
FN:26,loadEnv
FNDA:3,__name
FNDA:3,requireEnv
FNDA:2,numberEnv
FNDA:2,loadEnv
FNF:4
FNH:4
BRDA:1,0,0,1
BRDA:5,1,0,3
BRDA:8,2,0,3
BRDA:9,3,0,1
BRDA:10,4,0,2
BRDA:12,5,0,1
BRDA:18,6,0,2
BRDA:22,7,0,0
BRDA:23,8,0,0
BRDA:26,9,0,2
BRF:10
BRH:8
DA:1,1
DA:2,1
DA:3,1
DA:4,1
DA:5,1
DA:6,3
DA:7,3
DA:8,1
DA:9,3
DA:10,3
DA:11,2
DA:12,3
DA:13,1
DA:14,1
DA:15,1
DA:16,1
DA:17,1
DA:18,1
DA:19,2
DA:20,2
DA:21,2
DA:22,2
DA:23,2
DA:24,0
DA:25,1
DA:26,1
DA:27,2
DA:28,2
DA:29,2
DA:30,2
DA:31,2
DA:32,2
DA:33,2
DA:34,2
DA:35,1
DA:36,1
DA:37,1
DA:38,1
DA:39,1
DA:40,1
DA:41,1
DA:42,1
DA:43,1
DA:44,1
DA:45,1
DA:46,1
DA:47,1
DA:48,1
DA:49,1
DA:50,1
DA:51,1
DA:52,1
LH:51
LF:52
end_of_record
SF:src/infra/utils/normalize.ts
FN:4,__name
FN:5,normalizeObject
FNDA:5,__name
FNDA:16,normalizeObject
FNF:2
FNH:2
BRDA:1,0,0,5
BRDA:4,1,0,5
BRDA:5,2,0,16
BRDA:8,3,0,0
BRDA:10,4,0,0
BRDA:16,5,0,0
BRF:6
BRH:3
DA:1,5
DA:2,5
DA:3,5
DA:4,5
DA:5,5
DA:6,16
DA:7,16
DA:8,16
DA:9,16
DA:10,16
DA:11,0
DA:12,0
DA:13,0
DA:14,16
DA:15,16
DA:16,5
DA:17,5
DA:18,5
DA:19,5
DA:20,5
DA:21,5
DA:22,5
DA:23,5
DA:24,5
DA:25,5
DA:26,5
DA:27,5
DA:28,5
DA:29,5
DA:30,5
LH:27
LF:30
end_of_record
SF:src/infra/utils/rollout.ts
FN:4,__name
FN:8,isInRollout
FNDA:2,__name
FNDA:12,isInRollout
FNF:2
FNH:2
BRDA:1,0,0,2
BRDA:4,1,0,2
BRDA:8,2,0,12
BRDA:15,3,0,3
BRDA:15,4,0,9
BRDA:15,5,0,9
BRDA:20,6,0,3
BRDA:20,7,0,6
BRDA:20,8,0,2
BRDA:21,9,0,4
BRDA:15,10,0,0
BRF:11
BRH:10
DA:1,2
DA:2,2
DA:3,2
DA:4,2
DA:5,2
DA:6,2
DA:7,2
DA:8,2
DA:9,12
DA:10,12
DA:11,12
DA:12,12
DA:13,12
DA:14,12
DA:15,12
DA:16,9
DA:17,9
DA:18,9
DA:19,9
DA:20,12
DA:21,12
DA:22,4
DA:23,4
DA:24,4
DA:25,4
DA:26,4
DA:27,2
DA:28,2
DA:29,2
DA:30,2
DA:31,2
DA:32,2
DA:33,2
DA:34,2
DA:35,2
DA:36,2
DA:37,2
DA:38,2
DA:39,2
DA:40,2
DA:41,2
DA:42,2
DA:43,2
LH:43
LF:43
end_of_record
SF:src/modules/core/auth/auth.decorators.ts
FN:3,__name
FN:11,Public
FN:17,RequireRoles
FNDA:4,__name
FNDA:0,Public
FNDA:5,RequireRoles
FNF:3
FNH:2
BRDA:1,0,0,2
BRDA:3,1,0,4
BRDA:17,2,0,5
BRF:3
BRH:3
DA:1,2
DA:2,2
DA:3,4
DA:4,4
DA:5,2
DA:6,2
DA:7,2
DA:8,2
DA:9,2
DA:10,2
DA:11,2
DA:12,0
DA:13,0
DA:14,2
DA:15,2
DA:16,2
DA:17,2
DA:18,5
DA:19,5
DA:20,5
DA:21,5
DA:22,5
DA:23,2
DA:24,2
DA:25,2
LH:23
LF:25
end_of_record
SF:src/modules/core/auth/auth.guard.ts
FN:7,__name
FN:10,__decorateClass
FN:19,__decorateParam
FN:20,anonymous_3
FN:41,AuthGuard
FN:44,<instance_members_initializer>
FN:46,canActivate
FNDA:1,__name
FNDA:3,__decorateClass
FNDA:2,__decorateParam
FNDA:2,anonymous_3
FNDA:3,AuthGuard
FNDA:3,<instance_members_initializer>
FNDA:3,canActivate
FNF:7
FNH:7
BRDA:1,0,0,1
BRDA:7,1,0,1
BRDA:10,2,0,1
BRDA:12,3,0,0
BRDA:12,4,0,0
BRDA:13,5,0,3
BRDA:15,6,0,0
BRDA:17,7,0,0
BRDA:17,8,0,0
BRDA:19,9,0,2
BRDA:20,10,0,2
BRDA:41,11,0,3
BRDA:44,12,0,3
BRDA:46,13,0,3
BRDA:52,14,0,0
BRDA:57,15,0,1
BRDA:58,16,0,1
BRDA:59,17,0,2
BRDA:62,18,0,0
BRDA:64,19,0,2
BRDA:69,20,0,0
BRDA:74,21,0,2
BRDA:75,22,0,0
BRDA:75,23,0,2
BRDA:78,24,0,0
BRDA:78,25,0,2
BRDA:83,26,0,0
BRDA:85,27,0,1
BRF:28
BRH:17
DA:1,1
DA:2,1
DA:3,1
DA:4,1
DA:5,1
DA:6,1
DA:7,1
DA:8,1
DA:9,1
DA:10,1
DA:11,1
DA:12,1
DA:13,1
DA:14,3
DA:15,3
DA:16,3
DA:17,1
DA:18,1
DA:19,1
DA:20,2
DA:21,1
DA:22,1
DA:23,1
DA:24,1
DA:25,1
DA:26,1
DA:27,1
DA:28,1
DA:29,1
DA:30,1
DA:31,1
DA:32,1
DA:33,1
DA:34,1
DA:35,1
DA:36,1
DA:37,1
DA:38,1
DA:39,1
DA:40,1
DA:41,1
DA:42,3
DA:43,3
DA:44,1
DA:45,3
DA:46,1
DA:47,3
DA:48,3
DA:49,3
DA:50,3
DA:51,3
DA:52,3
DA:53,3
DA:54,3
DA:55,3
DA:56,3
DA:57,3
DA:58,3
DA:59,3
DA:60,2
DA:61,2
DA:62,3
DA:63,0
DA:64,3
DA:65,2
DA:66,2
DA:67,2
DA:68,2
DA:69,3
DA:70,0
DA:71,0
DA:72,0
DA:73,0
DA:74,3
DA:75,3
DA:76,2
DA:77,2
DA:78,3
DA:79,2
DA:80,2
DA:81,2
DA:82,2
DA:83,3
DA:84,3
DA:85,3
DA:86,1
DA:87,1
DA:88,1
DA:89,1
DA:90,1
DA:91,1
DA:92,1
DA:93,1
DA:94,1
DA:95,1
DA:96,1
DA:97,1
DA:98,1
DA:99,1
DA:100,1
DA:101,1
DA:102,1
DA:103,1
DA:104,1
DA:105,1
DA:106,1
DA:107,1
DA:108,1
DA:109,1
DA:110,1
DA:111,1
DA:112,1
DA:113,1
DA:114,1
DA:115,1
DA:116,1
LH:111
LF:116
end_of_record
SF:src/modules/core/auth/requestContext.interceptor.ts
FN:6,__name
FN:10,__decorateClass
FN:29,intercept
FNDA:1,__name
FNDA:1,__decorateClass
FNDA:4,intercept
FNF:3
FNH:3
BRDA:1,0,0,1
BRDA:6,1,0,1
BRDA:10,2,0,1
BRDA:12,3,0,0
BRDA:12,4,0,0
BRDA:16,5,0,0
BRDA:17,6,0,0
BRDA:18,7,0,0
BRDA:29,8,0,4
BRDA:35,9,0,2
BRF:10
BRH:5
DA:1,1
DA:2,1
DA:3,1
DA:4,1
DA:5,1
DA:6,1
DA:7,1
DA:8,1
DA:9,1
DA:10,1
DA:11,1
DA:12,1
DA:13,1
DA:14,1
DA:15,1
DA:16,1
DA:17,1
DA:18,1
DA:19,1
DA:20,1
DA:21,1
DA:22,1
DA:23,1
DA:24,1
DA:25,1
DA:26,1
DA:27,1
DA:28,1
DA:29,1
DA:30,4
DA:31,4
DA:32,4
DA:33,4
DA:34,4
DA:35,4
DA:36,4
DA:37,1
DA:38,1
DA:39,1
DA:40,1
DA:41,1
DA:42,1
DA:43,1
DA:44,1
DA:45,1
LH:45
LF:45
end_of_record
SF:src/modules/core/auth/roles.ts
FN:4,__name
FN:10,hasRequiredRole
FN:20,anonymous_2
FN:21,parseRole
FNDA:4,__name
FNDA:7,hasRequiredRole
FNDA:6,anonymous_2
FNDA:7,parseRole
FNF:4
FNH:4
BRDA:1,0,0,2
BRDA:4,1,0,4
BRDA:10,2,0,7
BRDA:16,3,0,1
BRDA:17,4,0,4
BRDA:20,5,0,6
BRDA:21,6,0,7
BRDA:22,7,0,1
BRDA:22,8,0,4
BRDA:22,9,0,1
BRDA:23,10,0,3
BRDA:23,11,0,1
BRDA:23,12,0,2
BRDA:26,13,0,1
BRDA:23,14,0,1
BRF:15
BRH:15
DA:1,2
DA:2,2
DA:3,2
DA:4,2
DA:5,4
DA:6,2
DA:7,2
DA:8,2
DA:9,2
DA:10,2
DA:11,7
DA:12,7
DA:13,7
DA:14,7
DA:15,7
DA:16,7
DA:17,7
DA:18,4
DA:19,4
DA:20,2
DA:21,2
DA:22,7
DA:23,7
DA:24,1
DA:25,1
DA:26,1
DA:27,1
DA:28,1
DA:29,2
DA:30,2
DA:31,2
DA:32,2
DA:33,2
DA:34,2
DA:35,2
DA:36,2
DA:37,2
DA:38,2
LH:38
LF:38
end_of_record
SF:src/modules/core/customers/customers.controller.ts
FN:10,__name
FN:16,__decorateClass
FN:30,__decorateParam
FN:30,anonymous_3
FN:43,parsePage
FN:51,parseLimit
FN:59,parseType
FN:66,parseObject
FN:72,parseContacts
FN:82,CustomersController
FN:85,<instance_members_initializer>
FN:85,create
FN:101,list
FN:112,get
FN:118,update
FN:133,delete
FNDA:6,__name
FNDA:23,__decorateClass
FNDA:12,__decorateParam
FNDA:12,anonymous_3
FNDA:7,parsePage
FNDA:5,parseLimit
FNDA:11,parseType
FNDA:9,parseObject
FNDA:7,parseContacts
FNDA:5,CustomersController
FNDA:5,<instance_members_initializer>
FNDA:10,create
FNDA:8,list
FNDA:3,get
FNDA:4,update
FNDA:2,delete
FNF:16
FNH:16
BRDA:1,0,0,1
BRDA:10,1,0,6
BRDA:16,2,0,6
BRDA:17,3,0,0
BRDA:17,4,0,5
BRDA:17,5,0,1
BRDA:18,6,0,23
BRDA:20,7,0,21
BRDA:21,8,0,2
BRDA:24,9,0,13
BRDA:24,10,0,5
BRDA:25,11,0,5
BRDA:30,12,0,12
BRDA:30,13,0,12
BRDA:43,14,0,7
BRDA:43,15,0,4
BRDA:44,16,0,3
BRDA:44,17,0,0
BRDA:45,18,0,1
BRDA:46,19,0,2
BRDA:47,20,0,1
BRDA:51,21,0,5
BRDA:52,22,0,1
BRDA:52,23,0,4
BRDA:53,24,0,0
BRDA:53,25,0,1
BRDA:54,26,0,3
BRDA:55,27,0,2
BRDA:55,28,0,2
BRDA:56,29,0,1
BRDA:59,30,0,11
BRDA:60,31,0,1
BRDA:61,32,0,10
BRDA:63,33,0,3
BRDA:63,34,0,2
BRDA:64,35,0,8
BRDA:66,36,0,9
BRDA:69,37,0,6
BRDA:69,38,0,3
BRDA:70,39,0,2
BRDA:70,40,0,1
BRDA:71,41,0,2
BRDA:72,42,0,7
BRDA:74,43,0,2
BRDA:74,44,0,5
BRDA:77,45,0,4
BRDA:77,46,0,3
BRDA:77,47,0,2
BRDA:78,48,0,3
BRDA:79,49,0,1
BRDA:79,50,0,1
BRDA:82,51,0,5
BRDA:85,52,0,5
BRDA:85,53,0,10
BRDA:87,54,0,1
BRDA:93,55,0,9
BRDA:101,56,0,8
BRDA:106,57,0,1
BRDA:108,58,0,7
BRDA:112,59,0,3
BRDA:114,60,0,1
BRDA:114,61,0,2
BRDA:117,62,0,1
BRDA:118,63,0,4
BRDA:120,64,0,1
BRDA:125,65,0,3
BRDA:126,66,0,2
BRDA:127,67,0,1
BRDA:133,68,0,2
BRDA:133,69,0,1
BRF:70
BRH:67
DA:1,1
DA:2,1
DA:3,1
DA:4,1
DA:5,1
DA:6,1
DA:7,1
DA:8,1
DA:9,1
DA:10,1
DA:11,6
DA:12,6
DA:13,6
DA:14,1
DA:15,1
DA:16,1
DA:17,6
DA:18,6
DA:19,23
DA:20,23
DA:21,23
DA:22,2
DA:23,2
DA:24,6
DA:25,6
DA:26,6
DA:27,1
DA:28,1
DA:29,1
DA:30,1
DA:31,12
DA:32,1
DA:33,1
DA:34,1
DA:35,1
DA:36,1
DA:37,1
DA:38,1
DA:39,1
DA:40,1
DA:41,1
DA:42,1
DA:43,1
DA:44,7
DA:45,7
DA:46,7
DA:47,7
DA:48,1
DA:49,1
DA:50,1
DA:51,1
DA:52,5
DA:53,5
DA:54,5
DA:55,5
DA:56,5
DA:57,1
DA:58,1
DA:59,1
DA:60,11
DA:61,11
DA:62,10
DA:63,11
DA:64,1
DA:65,1
DA:66,1
DA:67,9
DA:68,9
DA:69,9
DA:70,9
DA:71,1
DA:72,1
DA:73,7
DA:74,7
DA:75,5
DA:76,5
DA:77,4
DA:78,3
DA:79,7
DA:80,1
DA:81,1
DA:82,1
DA:83,5
DA:84,5
DA:85,1
DA:86,10
DA:87,10
DA:88,1
DA:89,1
DA:90,1
DA:91,1
DA:92,1
DA:93,10
DA:94,9
DA:95,9
DA:96,9
DA:97,9
DA:98,9
DA:99,9
DA:100,9
DA:101,1
DA:102,8
DA:103,8
DA:104,8
DA:105,8
DA:106,8
DA:107,1
DA:108,8
DA:109,7
DA:110,7
DA:111,7
DA:112,1
DA:113,3
DA:114,3
DA:115,2
DA:116,2
DA:117,3
DA:118,1
DA:119,4
DA:120,4
DA:121,1
DA:122,1
DA:123,1
DA:124,1
DA:125,4
DA:126,4
DA:127,4
DA:128,4
DA:129,4
DA:130,4
DA:131,4
DA:132,4
DA:133,1
DA:134,1
DA:135,1
DA:136,1
DA:137,1
DA:138,1
DA:139,1
DA:140,1
DA:141,1
DA:142,1
DA:143,1
DA:144,1
DA:145,1
DA:146,1
DA:147,1
DA:148,1
DA:149,1
DA:150,1
DA:151,1
DA:152,1
DA:153,1
DA:154,1
DA:155,1
DA:156,1
DA:157,1
DA:158,1
DA:159,1
DA:160,1
DA:161,1
DA:162,1
DA:163,1
DA:164,1
DA:165,1
DA:166,1
DA:167,1
DA:168,1
DA:169,1
DA:170,1
DA:171,1
DA:172,1
DA:173,1
DA:174,1
DA:175,1
DA:176,1
DA:177,1
DA:178,1
DA:179,1
DA:180,1
DA:181,1
DA:182,1
DA:183,1
DA:184,1
DA:185,1
DA:186,1
DA:187,1
DA:188,1
DA:189,1
DA:190,1
DA:191,1
DA:192,1
DA:193,1
DA:194,1
DA:195,1
DA:196,1
LH:196
LF:196
end_of_record
SF:src/modules/core/customers/customers.service.ts
FN:6,__name
FN:10,__decorateClass
FN:20,__decorateParam
FN:21,anonymous_3
FN:36,mapCustomerRow
FN:52,CustomersService
FN:56,<instance_members_initializer>
FN:59,create
FN:97,get
FN:107,list
FN:139,update
FN:175,softDelete
FNDA:6,__name
FNDA:9,__decorateClass
FNDA:6,__decorateParam
FNDA:6,anonymous_3
FNDA:10,mapCustomerRow
FNDA:12,CustomersService
FNDA:12,<instance_members_initializer>
FNDA:2,create
FNDA:11,get
FNDA:2,list
FNDA:3,update
FNDA:4,softDelete
FNF:12
FNH:12
BRDA:1,0,0,3
BRDA:6,1,0,6
BRDA:10,2,0,3
BRDA:12,3,0,9
BRDA:10,4,0,0
BRDA:10,5,0,0
BRDA:13,6,0,0
BRDA:15,7,0,0
BRDA:16,8,0,0
BRDA:20,9,0,6
BRDA:21,10,0,6
BRDA:36,11,0,10
BRDA:41,12,0,3
BRDA:42,13,0,1
BRDA:52,14,0,12
BRDA:56,15,0,12
BRDA:59,16,0,2
BRDA:62,17,0,1
BRDA:85,18,0,1
BRDA:97,19,0,11
BRDA:107,20,0,5
BRDA:107,21,0,2
BRDA:107,22,0,2
BRDA:107,23,0,2
BRDA:112,24,0,1
BRDA:124,25,0,1
BRDA:139,26,0,3
BRDA:142,27,0,1
BRDA:144,28,0,2
BRDA:144,29,0,0
BRDA:145,30,0,1
BRDA:150,31,0,2
BRDA:166,32,0,2
BRDA:167,33,0,1
BRDA:175,34,0,4
BRDA:179,35,0,1
BRDA:180,36,0,3
BRDA:183,37,0,1
BRDA:187,38,0,2
BRDA:204,39,0,1
BRDA:206,40,0,1
BRF:41
BRH:35
DA:1,3
DA:2,3
DA:3,3
DA:4,3
DA:5,3
DA:6,3
DA:7,6
DA:8,6
DA:9,3
DA:10,3
DA:11,3
DA:12,3
DA:13,3
DA:14,3
DA:15,3
DA:16,3
DA:17,0
DA:18,3
DA:19,3
DA:20,3
DA:21,6
DA:22,6
DA:23,3
DA:24,3
DA:25,3
DA:26,3
DA:27,3
DA:28,3
DA:29,3
DA:30,3
DA:31,3
DA:32,3
DA:33,3
DA:34,3
DA:35,3
DA:36,3
DA:37,10
DA:38,10
DA:39,10
DA:40,10
DA:41,10
DA:42,10
DA:43,10
DA:44,10
DA:45,10
DA:46,10
DA:47,10
DA:48,3
DA:49,3
DA:50,3
DA:51,3
DA:52,3
DA:53,12
DA:54,12
DA:55,12
DA:56,12
DA:57,12
DA:58,12
DA:59,3
DA:60,2
DA:61,2
DA:62,2
DA:63,2
DA:64,2
DA:65,2
DA:66,2
DA:67,2
DA:68,2
DA:69,2
DA:70,2
DA:71,2
DA:72,2
DA:73,2
DA:74,2
DA:75,2
DA:76,2
DA:77,2
DA:78,2
DA:79,2
DA:80,2
DA:81,2
DA:82,2
DA:83,2
DA:84,2
DA:85,2
DA:86,1
DA:87,1
DA:88,1
DA:89,1
DA:90,1
DA:91,1
DA:92,1
DA:93,1
DA:94,1
DA:95,1
DA:96,1
DA:97,3
DA:98,11
DA:99,11
DA:100,11
DA:101,11
DA:102,11
DA:103,11
DA:104,11
DA:105,11
DA:106,11
DA:107,3
DA:108,2
DA:109,2
DA:110,2
DA:111,2
DA:112,2
DA:113,2
DA:114,2
DA:115,2
DA:116,2
DA:117,2
DA:118,2
DA:119,2
DA:120,2
DA:121,2
DA:122,2
DA:123,2
DA:124,2
DA:125,2
DA:126,2
DA:127,2
DA:128,2
DA:129,2
DA:130,2
DA:131,2
DA:132,2
DA:133,2
DA:134,2
DA:135,2
DA:136,2
DA:137,2
DA:138,2
DA:139,3
DA:140,3
DA:141,3
DA:142,3
DA:143,1
DA:144,3
DA:145,1
DA:146,3
DA:147,3
DA:148,3
DA:149,3
DA:150,3
DA:151,3
DA:152,3
DA:153,3
DA:154,3
DA:155,3
DA:156,3
DA:157,3
DA:158,3
DA:159,3
DA:160,3
DA:161,3
DA:162,3
DA:163,3
DA:164,3
DA:165,3
DA:166,3
DA:167,3
DA:168,1
DA:169,1
DA:170,1
DA:171,1
DA:172,1
DA:173,1
DA:174,1
DA:175,3
DA:176,4
DA:177,4
DA:178,4
DA:179,4
DA:180,4
DA:181,3
DA:182,3
DA:183,4
DA:184,1
DA:185,1
DA:186,1
DA:187,1
DA:188,2
DA:189,2
DA:190,2
DA:191,2
DA:192,2
DA:193,2
DA:194,2
DA:195,2
DA:196,2
DA:197,2
DA:198,2
DA:199,2
DA:200,2
DA:201,2
DA:202,2
DA:203,2
DA:204,4
DA:205,1
DA:206,4
DA:207,1
DA:208,1
DA:209,1
DA:210,3
DA:211,3
DA:212,3
DA:213,3
DA:214,3
DA:215,3
DA:216,3
DA:217,3
DA:218,3
DA:219,3
DA:220,3
DA:221,3
DA:222,3
DA:223,3
DA:224,3
DA:225,3
DA:226,3
DA:227,3
DA:228,3
DA:229,3
DA:230,3
DA:231,3
DA:232,3
DA:233,3
DA:234,3
DA:235,3
DA:236,3
DA:237,3
DA:238,3
DA:239,3
DA:240,3
DA:241,3
DA:242,3
DA:243,3
DA:244,3
DA:245,3
DA:246,3
DA:247,3
DA:248,3
DA:249,3
DA:250,3
DA:251,3
DA:252,3
DA:253,3
DA:254,3
DA:255,3
DA:256,3
DA:257,3
DA:258,3
DA:259,3
DA:260,3
DA:261,3
DA:262,3
DA:263,3
DA:264,3
DA:265,3
DA:266,3
DA:267,3
DA:268,3
DA:269,3
DA:270,3
DA:271,3
DA:272,3
DA:273,3
DA:274,3
DA:275,3
DA:276,3
DA:277,3
DA:278,3
DA:279,3
DA:280,3
DA:281,3
DA:282,3
DA:283,3
DA:284,3
DA:285,3
DA:286,3
DA:287,3
DA:288,3
DA:289,3
DA:290,3
DA:291,3
DA:292,3
LH:291
LF:292
end_of_record
SF:src/modules/core/jobs/jobs.model.ts
FN:1,__name
FN:9,mapJobRow
FN:39,toTimestampStringOrNull
FN:61,requireTimestampString
FNDA:3,__name
FNDA:1,mapJobRow
FNDA:6,toTimestampStringOrNull
FNDA:3,requireTimestampString
FNF:4
FNH:4
BRDA:1,0,0,1
BRDA:1,1,0,3
BRDA:9,2,0,1
BRDA:39,3,0,6
BRDA:45,4,0,3
BRDA:45,5,0,3
BRDA:52,6,0,0
BRDA:61,7,0,3
BRDA:65,8,0,0
BRF:9
BRH:7
DA:1,1
DA:2,3
DA:3,3
DA:4,3
DA:5,3
DA:6,1
DA:7,1
DA:8,1
DA:9,1
DA:10,1
DA:11,1
DA:12,1
DA:13,1
DA:14,1
DA:15,1
DA:16,1
DA:17,1
DA:18,1
DA:19,1
DA:20,1
DA:21,1
DA:22,1
DA:23,1
DA:24,1
DA:25,1
DA:26,1
DA:27,1
DA:28,1
DA:29,1
DA:30,1
DA:31,1
DA:32,1
DA:33,1
DA:34,1
DA:35,1
DA:36,1
DA:37,1
DA:38,1
DA:39,1
DA:40,6
DA:41,6
DA:42,6
DA:43,6
DA:44,6
DA:45,6
DA:46,3
DA:47,3
DA:48,3
DA:49,3
DA:50,3
DA:51,3
DA:52,6
DA:53,0
DA:54,0
DA:55,0
DA:56,0
DA:57,0
DA:58,1
DA:59,1
DA:60,1
DA:61,1
DA:62,3
DA:63,3
DA:64,3
DA:65,3
DA:66,0
DA:67,1
DA:68,1
DA:69,1
DA:70,1
DA:71,1
DA:72,1
DA:73,1
DA:74,1
DA:75,1
DA:76,1
DA:77,1
DA:78,1
DA:79,1
DA:80,1
DA:81,1
DA:82,1
DA:83,1
DA:84,1
DA:85,1
DA:86,1
DA:87,1
DA:88,1
DA:89,1
DA:90,1
DA:91,1
DA:92,1
DA:93,1
DA:94,1
DA:95,1
DA:96,1
DA:97,1
DA:98,1
DA:99,1
DA:100,1
DA:101,1
DA:102,1
DA:103,1
DA:104,1
DA:105,1
DA:106,1
DA:107,1
DA:108,1
DA:109,1
DA:110,1
DA:111,1
DA:112,1
LH:106
LF:112
end_of_record
SF:src/modules/core/jobs/jobs.runtime.ts
FN:4,__name
FN:7,computeRetryDelayMs
FN:17,shouldRetry
FN:23,toJobError
FNDA:3,__name
FNDA:5,computeRetryDelayMs
FNDA:5,shouldRetry
FNDA:3,toJobError
FNF:4
FNH:4
BRDA:1,0,0,1
BRDA:4,1,0,3
BRDA:7,2,0,5
BRDA:9,3,0,1
BRDA:9,4,0,4
BRDA:10,5,0,1
BRDA:10,6,0,3
BRDA:10,7,0,1
BRDA:11,8,0,2
BRDA:11,9,0,1
BRDA:17,10,0,5
BRDA:23,11,0,3
BRDA:24,12,0,1
BRDA:25,13,0,0
BRDA:25,14,0,2
BRDA:29,15,0,1
BRF:16
BRH:15
DA:1,1
DA:2,1
DA:3,1
DA:4,1
DA:5,3
DA:6,3
DA:7,1
DA:8,5
DA:9,5
DA:10,5
DA:11,5
DA:12,1
DA:13,1
DA:14,1
DA:15,1
DA:16,1
DA:17,1
DA:18,5
DA:19,5
DA:20,5
DA:21,5
DA:22,5
DA:23,1
DA:24,3
DA:25,3
DA:26,2
DA:27,2
DA:28,2
DA:29,1
DA:30,1
DA:31,1
DA:32,1
DA:33,1
DA:34,1
DA:35,1
DA:36,1
DA:37,1
DA:38,1
DA:39,1
DA:40,1
DA:41,1
DA:42,1
DA:43,1
DA:44,1
DA:45,1
DA:46,1
LH:46
LF:46
end_of_record
SF:src/modules/core/jobs/jobs.service.ts
FN:4,__name
FN:5,__decorateClass
FN:21,__decorateParam
FN:21,anonymous_3
FN:31,JobsService
FN:31,<instance_members_initializer>
FN:31,enqueue
FN:59,get
FN:76,list
FN:108,clampInt
FNDA:2,__name
FNDA:2,__decorateClass
FNDA:1,__decorateParam
FNDA:1,anonymous_3
FNDA:1,JobsService
FNDA:1,<instance_members_initializer>
FNDA:1,enqueue
FNDA:0,get
FNDA:0,list
FNDA:1,clampInt
FNF:10
FNH:8
BRDA:1,0,0,1
BRDA:4,1,0,2
BRDA:5,2,0,1
BRDA:6,3,0,0
BRDA:6,4,0,0
BRDA:9,5,0,2
BRDA:12,6,0,0
BRDA:15,7,0,0
BRDA:17,8,0,0
BRDA:21,9,0,1
BRDA:21,10,0,1
BRDA:31,11,0,1
BRDA:31,12,0,1
BRDA:31,13,0,1
BRDA:34,14,0,0
BRDA:35,15,0,0
BRDA:37,16,0,0
BRDA:54,17,0,0
BRDA:108,18,0,1
BRDA:112,19,0,0
BRDA:112,20,0,0
BRF:21
BRH:10
DA:1,1
DA:2,1
DA:3,1
DA:4,1
DA:5,1
DA:6,1
DA:7,1
DA:8,1
DA:9,1
DA:10,2
DA:11,2
DA:12,0
DA:13,0
DA:14,2
DA:15,1
DA:16,0
DA:17,0
DA:18,0
DA:19,1
DA:20,1
DA:21,1
DA:22,1
DA:23,1
DA:24,1
DA:25,1
DA:26,1
DA:27,1
DA:28,1
DA:29,1
DA:30,1
DA:31,1
DA:32,1
DA:33,1
DA:34,1
DA:35,1
DA:36,1
DA:37,1
DA:38,1
DA:39,1
DA:40,1
DA:41,1
DA:42,1
DA:43,1
DA:44,1
DA:45,1
DA:46,1
DA:47,1
DA:48,1
DA:49,1
DA:50,1
DA:51,1
DA:52,1
DA:53,1
DA:54,1
DA:55,0
DA:56,0
DA:57,0
DA:58,0
DA:59,1
DA:60,0
DA:61,0
DA:62,0
DA:63,0
DA:64,0
DA:65,0
DA:66,0
DA:67,0
DA:68,0
DA:69,0
DA:70,0
DA:71,0
DA:72,0
DA:73,0
DA:74,0
DA:75,0
DA:76,1
DA:77,0
DA:78,0
DA:79,0
DA:80,0
DA:81,0
DA:82,0
DA:83,0
DA:84,0
DA:85,0
DA:86,0
DA:87,0
DA:88,0
DA:89,0
DA:90,0
DA:91,0
DA:92,0
DA:93,0
DA:94,0
DA:95,0
DA:96,0
DA:97,0
DA:98,0
DA:99,0
DA:100,0
DA:101,0
DA:102,0
DA:103,1
DA:104,1
DA:105,1
DA:106,1
DA:107,1
DA:108,1
DA:109,1
DA:110,1
DA:111,1
DA:112,1
DA:113,1
DA:114,1
DA:115,1
DA:116,1
DA:117,1
DA:118,1
DA:119,1
DA:120,1
DA:121,1
DA:122,1
DA:123,1
DA:124,1
DA:125,1
DA:126,1
DA:127,1
DA:128,1
DA:129,1
DA:130,1
LH:79
LF:130
end_of_record
SF:src/modules/core/model/coreEntities.ts
FN:2,__name
FN:5,isTimelineEntityType
FNDA:1,__name
FNDA:11,isTimelineEntityType
FNF:2
FNH:2
BRDA:1,0,0,1
BRDA:2,1,0,1
BRDA:5,2,0,11
BRDA:8,3,0,1
BRDA:8,4,0,10
BRDA:9,5,0,1
BRDA:9,6,0,9
BRDA:11,7,0,1
BRDA:12,8,0,8
BRDA:13,9,0,1
BRDA:15,10,0,7
BRDA:17,11,0,1
BRDA:17,12,0,6
BRF:13
BRH:13
DA:1,1
DA:2,1
DA:3,1
DA:4,1
DA:5,1
DA:6,11
DA:7,11
DA:8,11
DA:9,11
DA:10,9
DA:11,11
DA:12,8
DA:13,11
DA:14,1
DA:15,7
DA:16,7
DA:17,1
DA:18,1
DA:19,1
DA:20,1
DA:21,1
DA:22,1
DA:23,1
DA:24,1
DA:25,1
DA:26,1
DA:27,1
DA:28,1
DA:29,1
DA:30,1
DA:31,1
DA:32,1
DA:33,1
DA:34,1
DA:35,1
DA:36,1
DA:37,1
DA:38,1
DA:39,1
DA:40,1
DA:41,1
DA:42,1
DA:43,1
DA:44,1
DA:45,1
DA:46,1
DA:47,1
DA:48,1
DA:49,1
DA:50,1
DA:51,1
DA:52,1
DA:53,1
DA:54,1
DA:55,1
DA:56,1
DA:57,1
DA:58,1
DA:59,1
DA:60,1
DA:61,1
DA:62,1
DA:63,1
DA:64,1
DA:65,1
DA:66,1
DA:67,1
DA:68,1
DA:69,1
DA:70,1
DA:71,1
DA:72,1
DA:73,1
DA:74,1
DA:75,1
DA:76,1
DA:77,1
DA:78,1
DA:79,1
DA:80,1
DA:81,1
DA:82,1
DA:83,1
DA:84,1
DA:85,1
DA:86,1
DA:87,1
DA:88,1
DA:89,1
DA:90,1
DA:91,1
DA:92,1
DA:93,1
DA:94,1
DA:95,1
DA:96,1
DA:97,1
DA:98,1
DA:99,1
DA:100,1
DA:101,1
DA:102,1
DA:103,1
DA:104,1
DA:105,1
DA:106,1
DA:107,1
DA:108,1
DA:109,1
DA:110,1
DA:111,1
DA:112,1
DA:113,1
DA:114,1
DA:115,1
DA:116,1
DA:117,1
DA:118,1
DA:119,1
DA:120,1
DA:121,1
DA:122,1
DA:123,1
DA:124,1
DA:125,1
DA:126,1
DA:127,1
DA:128,1
DA:129,1
DA:130,1
DA:131,1
DA:132,1
DA:133,1
DA:134,1
DA:135,1
DA:136,1
DA:137,1
DA:138,1
DA:139,1
DA:140,1
DA:141,1
DA:142,1
LH:142
LF:142
end_of_record
SF:src/modules/core/tenancy/requestContext.ts
FN:2,__name
FN:9,parseRequestContext
FN:30,readAuthConfigFromEnv
FN:52,_resetAuthConfigCacheForTest
FN:55,parseVerifiedRequestAuthInputFromHeaders
FN:85,parseBearerToken
FN:100,verifyHs256Jwt
FN:116,parseJwtParts
FN:123,decodeBase64UrlJsonObject
FN:132,verifyHs256Signature
FN:142,extractAuthInputFromPayload
FN:163,base64UrlDecodeToString
FN:169,timingSafeEqualString
FNDA:24,__name
FNDA:2,parseRequestContext
FNDA:5,readAuthConfigFromEnv
FNDA:4,_resetAuthConfigCacheForTest
FNDA:5,parseVerifiedRequestAuthInputFromHeaders
FNDA:1,parseBearerToken
FNDA:1,verifyHs256Jwt
FNDA:1,parseJwtParts
FNDA:2,decodeBase64UrlJsonObject
FNDA:1,verifyHs256Signature
FNDA:1,extractAuthInputFromPayload
FNDA:2,base64UrlDecodeToString
FNDA:1,timingSafeEqualString
FNF:13
FNH:13
BRDA:1,0,0,2
BRDA:2,1,0,24
BRDA:9,2,0,2
BRDA:17,3,0,0
BRDA:23,4,0,0
BRDA:30,5,0,5
BRDA:39,6,0,1
BRDA:42,7,0,3
BRDA:46,8,0,2
BRDA:32,9,0,0
BRDA:52,10,0,4
BRDA:55,11,0,5
BRDA:65,12,0,1
BRDA:65,13,0,3
BRDA:68,14,0,1
BRDA:72,15,0,3
BRDA:72,16,0,1
BRDA:73,17,0,2
BRDA:74,18,0,2
BRDA:76,19,0,1
BRDA:76,20,0,1
BRDA:66,21,0,0
BRDA:69,22,0,0
BRDA:70,23,0,0
BRDA:74,24,0,0
BRDA:85,25,0,1
BRDA:94,26,0,0
BRDA:97,27,0,0
BRDA:100,28,0,1
BRDA:101,29,0,0
BRDA:104,30,0,0
BRDA:106,31,0,0
BRDA:109,32,0,0
BRDA:114,33,0,0
BRDA:116,34,0,1
BRDA:120,35,0,0
BRDA:122,36,0,0
BRDA:123,37,0,2
BRDA:127,38,0,0
BRDA:127,39,0,0
BRDA:130,40,0,0
BRDA:132,41,0,1
BRDA:142,42,0,1
BRDA:146,43,0,0
BRDA:147,44,0,0
BRDA:149,45,0,0
BRDA:149,46,0,0
BRDA:152,47,0,0
BRDA:155,48,0,0
BRDA:158,49,0,0
BRDA:159,50,0,0
BRDA:161,51,0,0
BRDA:163,52,0,2
BRDA:167,53,0,0
BRDA:169,54,0,1
BRDA:174,55,0,0
BRDA:176,56,0,0
BRF:57
BRH:26
DA:1,2
DA:2,2
DA:3,24
DA:4,24
DA:5,24
DA:6,2
DA:7,2
DA:8,2
DA:9,2
DA:10,2
DA:11,2
DA:12,2
DA:13,2
DA:14,2
DA:15,2
DA:16,2
DA:17,2
DA:18,2
DA:19,2
DA:20,2
DA:21,2
DA:22,2
DA:23,2
DA:24,2
DA:25,2
DA:26,2
DA:27,2
DA:28,2
DA:29,2
DA:30,2
DA:31,5
DA:32,5
DA:33,0
DA:34,0
DA:35,5
DA:36,5
DA:37,5
DA:38,5
DA:39,5
DA:40,1
DA:41,1
DA:42,5
DA:43,5
DA:44,5
DA:45,5
DA:46,5
DA:47,5
DA:48,5
DA:49,5
DA:50,2
DA:51,2
DA:52,2
DA:53,2
DA:54,2
DA:55,2
DA:56,5
DA:57,5
DA:58,5
DA:59,5
DA:60,5
DA:61,5
DA:62,5
DA:63,5
DA:64,5
DA:65,5
DA:66,3
DA:67,3
DA:68,5
DA:69,1
DA:70,1
DA:71,1
DA:72,5
DA:73,2
DA:74,5
DA:75,2
DA:76,5
DA:77,1
DA:78,1
DA:79,1
DA:80,1
DA:81,2
DA:82,2
DA:83,2
DA:84,2
DA:85,2
DA:86,1
DA:87,1
DA:88,1
DA:89,1
DA:90,1
DA:91,1
DA:92,1
DA:93,1
DA:94,1
DA:95,1
DA:96,1
DA:97,2
DA:98,2
DA:99,2
DA:100,2
DA:101,1
DA:102,1
DA:103,1
DA:104,1
DA:105,1
DA:106,1
DA:107,1
DA:108,1
DA:109,1
DA:110,1
DA:111,1
DA:112,1
DA:113,1
DA:114,1
DA:115,2
DA:116,2
DA:117,1
DA:118,1
DA:119,1
DA:120,1
DA:121,1
DA:122,1
DA:123,2
DA:124,2
DA:125,2
DA:126,2
DA:127,2
DA:128,2
DA:129,2
DA:130,2
DA:131,2
DA:132,2
DA:133,1
DA:134,1
DA:135,1
DA:136,1
DA:137,1
DA:138,1
DA:139,1
DA:140,1
DA:141,1
DA:142,2
DA:143,1
DA:144,1
DA:145,1
DA:146,1
DA:147,1
DA:148,1
DA:149,1
DA:150,1
DA:151,1
DA:152,1
DA:153,1
DA:154,1
DA:155,1
DA:156,1
DA:157,1
DA:158,1
DA:159,1
DA:160,0
DA:161,2
DA:162,2
DA:163,2
DA:164,2
DA:165,2
DA:166,2
DA:167,2
DA:168,2
DA:169,2
DA:170,1
DA:171,1
DA:172,1
DA:173,1
DA:174,1
DA:175,1
DA:176,1
DA:177,0
DA:178,2
DA:179,2
DA:180,2
DA:181,2
DA:182,2
DA:183,2
DA:184,2
DA:185,2
DA:186,2
DA:187,2
DA:188,2
DA:189,2
DA:190,2
DA:191,2
DA:192,2
DA:193,2
DA:194,2
DA:195,2
DA:196,2
DA:197,2
DA:198,2
DA:199,2
DA:200,2
DA:201,2
DA:202,2
DA:203,2
DA:204,2
DA:205,2
DA:206,2
DA:207,2
DA:208,2
DA:209,2
DA:210,2
DA:211,2
DA:212,2
DA:213,2
DA:214,2
DA:215,2
DA:216,2
DA:217,2
DA:218,2
DA:219,2
DA:220,2
DA:221,2
DA:222,2
DA:223,2
DA:224,2
DA:225,2
DA:226,2
DA:227,2
DA:228,2
DA:229,2
DA:230,2
DA:231,2
DA:232,2
DA:233,2
DA:234,2
DA:235,2
DA:236,2
DA:237,2
DA:238,2
DA:239,2
LH:235
LF:239
end_of_record
SF:src/modules/core/tenancy/tenantDb.ts
FN:1,__name
FN:8,setOrgId
FN:13,setActorUserId
FN:21,createTx
FN:23,query
FN:29,withTenantClient
FN:46,createTenantDb
FN:59,query
FN:62,transaction
FN:64,anonymous_9
FN:61,anonymous_10
FNDA:45,__name
FNDA:38,setOrgId
FNDA:37,setActorUserId
FNDA:2,createTx
FNDA:5,query
FNDA:38,withTenantClient
FNDA:36,createTenantDb
FNDA:36,query
FNDA:2,transaction
FNDA:2,anonymous_9
FNDA:36,anonymous_10
FNF:11
FNH:11
BRDA:1,0,0,9
BRDA:1,1,0,45
BRDA:8,2,0,38
BRDA:13,3,0,37
BRDA:21,4,0,2
BRDA:23,5,0,5
BRDA:29,6,0,38
BRDA:34,7,0,1
BRDA:41,8,0,0
BRDA:46,9,0,36
BRDA:50,10,0,1
BRDA:48,11,0,0
BRDA:54,12,0,0
BRDA:59,13,0,36
BRDA:62,14,0,2
BRDA:64,15,0,2
BRDA:61,16,0,36
BRF:17
BRH:14
DA:1,9
DA:2,45
DA:3,45
DA:4,45
DA:5,45
DA:6,9
DA:7,9
DA:8,9
DA:9,38
DA:10,38
DA:11,38
DA:12,9
DA:13,9
DA:14,37
DA:15,37
DA:16,37
DA:17,37
DA:18,37
DA:19,37
DA:20,9
DA:21,9
DA:22,2
DA:23,2
DA:24,5
DA:25,5
DA:26,5
DA:27,9
DA:28,9
DA:29,9
DA:30,38
DA:31,38
DA:32,38
DA:33,38
DA:34,38
DA:35,1
DA:36,1
DA:37,1
DA:38,38
DA:39,38
DA:40,38
DA:41,0
DA:42,38
DA:43,38
DA:44,9
DA:45,9
DA:46,9
DA:47,36
DA:48,36
DA:49,36
DA:50,36
DA:51,1
DA:52,1
DA:53,1
DA:54,36
DA:55,0
DA:56,0
DA:57,36
DA:58,36
DA:59,36
DA:60,36
DA:61,36
DA:62,36
DA:63,2
DA:64,2
DA:65,2
DA:66,2
DA:67,36
DA:68,9
DA:69,9
DA:70,9
DA:71,9
DA:72,9
DA:73,9
DA:74,9
DA:75,9
DA:76,9
DA:77,9
DA:78,9
DA:79,9
DA:80,9
DA:81,9
DA:82,9
DA:83,9
DA:84,9
DA:85,9
DA:86,9
DA:87,9
DA:88,9
DA:89,9
DA:90,9
DA:91,9
DA:92,9
DA:93,9
DA:94,9
DA:95,9
DA:96,9
DA:97,9
DA:98,9
DA:99,9
DA:100,9
DA:101,9
DA:102,9
DA:103,9
DA:104,9
DA:105,9
DA:106,9
DA:107,9
DA:108,9
DA:109,9
DA:110,9
DA:111,9
DA:112,9
DA:113,9
DA:114,9
DA:115,9
DA:116,9
DA:117,9
DA:118,9
DA:119,9
DA:120,9
DA:121,9
DA:122,9
DA:123,9
DA:124,9
DA:125,9
DA:126,9
DA:127,9
DA:128,9
DA:129,9
DA:130,9
DA:131,9
DA:132,9
DA:133,9
DA:134,9
DA:135,9
DA:136,9
DA:137,9
DA:138,9
DA:139,9
LH:136
LF:139
end_of_record
SF:src/modules/core/tenancy/uuid.ts
FN:1,__name
FN:9,isUuid
FNDA:10,__name
FNDA:80,isUuid
FNF:2
FNH:2
BRDA:1,0,0,10
BRDA:1,1,0,10
BRDA:9,2,0,80
BRF:3
BRH:3
DA:1,10
DA:2,10
DA:3,10
DA:4,10
DA:5,10
DA:6,10
DA:7,10
DA:8,10
DA:9,10
DA:10,80
DA:11,10
DA:12,10
DA:13,10
LH:13
LF:13
end_of_record
SF:src/modules/core/timeline/timeline.service.ts
FN:4,__name
FN:5,__decorateClass
FN:25,__decorateParam
FN:25,anonymous_3
FN:37,TimelineService
FN:39,<instance_members_initializer>
FN:40,write
FN:54,list
FN:97,normalizePayload
FN:86,anonymous_9
FNDA:10,__name
FNDA:10,__decorateClass
FNDA:5,__decorateParam
FNDA:5,anonymous_3
FNDA:2,TimelineService
FNDA:2,<instance_members_initializer>
FNDA:1,write
FNDA:1,list
FNDA:1,normalizePayload
FNDA:1,anonymous_9
FNF:10
FNH:10
BRDA:1,0,0,5
BRDA:4,1,0,10
BRDA:5,2,0,5
BRDA:15,3,0,10
BRDA:8,4,0,0
BRDA:8,5,0,0
BRDA:16,6,0,0
BRDA:18,7,0,0
BRDA:19,8,0,0
BRDA:25,9,0,5
BRDA:25,10,0,5
BRDA:37,11,0,2
BRDA:39,12,0,2
BRDA:40,13,0,1
BRDA:54,14,0,1
BRDA:55,15,0,0
BRDA:79,16,0,0
BRDA:97,17,0,1
BRDA:99,18,0,0
BRDA:99,19,0,0
BRDA:102,20,0,0
BRDA:86,21,0,1
BRF:22
BRH:12
DA:1,5
DA:2,5
DA:3,5
DA:4,5
DA:5,5
DA:6,5
DA:7,5
DA:8,5
DA:9,0
DA:10,5
DA:11,5
DA:12,5
DA:13,5
DA:14,5
DA:15,5
DA:16,10
DA:17,10
DA:18,5
DA:19,5
DA:20,5
DA:21,5
DA:22,5
DA:23,5
DA:24,5
DA:25,5
DA:26,5
DA:27,5
DA:28,5
DA:29,5
DA:30,5
DA:31,5
DA:32,5
DA:33,5
DA:34,5
DA:35,5
DA:36,5
DA:37,5
DA:38,2
DA:39,5
DA:40,1
DA:41,1
DA:42,1
DA:43,1
DA:44,1
DA:45,1
DA:46,1
DA:47,1
DA:48,1
DA:49,1
DA:50,1
DA:51,1
DA:52,1
DA:53,1
DA:54,5
DA:55,1
DA:56,1
DA:57,1
DA:58,1
DA:59,1
DA:60,1
DA:61,1
DA:62,1
DA:63,1
DA:64,1
DA:65,1
DA:66,1
DA:67,1
DA:68,1
DA:69,1
DA:70,1
DA:71,1
DA:72,1
DA:73,1
DA:74,1
DA:75,1
DA:76,1
DA:77,1
DA:78,1
DA:79,1
DA:80,1
DA:81,1
DA:82,1
DA:83,1
DA:84,1
DA:85,1
DA:86,1
DA:87,1
DA:88,1
DA:89,1
DA:90,1
DA:91,1
DA:92,5
DA:93,5
DA:94,5
DA:95,5
DA:96,5
DA:97,1
DA:98,1
DA:99,1
DA:100,0
DA:101,1
DA:102,1
DA:103,5
DA:104,5
DA:105,5
DA:106,5
DA:107,5
DA:108,5
DA:109,5
DA:110,5
DA:111,5
DA:112,5
DA:113,5
DA:114,5
DA:115,5
DA:116,5
DA:117,5
DA:118,5
DA:119,5
DA:120,5
DA:121,5
DA:122,5
DA:123,5
DA:124,5
DA:125,5
DA:126,5
DA:127,5
DA:128,5
DA:129,5
DA:130,5
DA:131,5
DA:132,5
DA:133,5
DA:134,5
DA:135,5
DA:136,5
DA:137,5
DA:138,5
DA:139,5
DA:140,5
DA:141,5
DA:142,5
DA:143,5
DA:144,5
LH:142
LF:144
end_of_record
SF:src/modules/feature-flags/featureFlags.model.ts
FN:1,__name
FN:8,shouldEnableFlagByRollout
FNDA:1,__name
FNDA:7,shouldEnableFlagByRollout
FNF:2
FNH:2
BRDA:1,0,0,1
BRDA:1,1,0,1
BRDA:8,2,0,7
BRF:3
BRH:3
DA:1,1
DA:2,1
DA:3,1
DA:4,1
DA:5,1
DA:6,1
DA:7,1
DA:8,1
DA:9,7
DA:10,7
DA:11,7
DA:12,7
DA:13,1
DA:14,1
DA:15,1
DA:16,1
DA:17,1
DA:18,1
DA:19,1
DA:20,1
DA:21,1
DA:22,1
DA:23,1
DA:24,1
DA:25,1
DA:26,1
DA:27,1
DA:28,1
DA:29,1
DA:30,1
DA:31,1
DA:32,1
DA:33,1
DA:34,1
DA:35,1
DA:36,1
DA:37,1
DA:38,1
DA:39,1
DA:40,1
DA:41,1
DA:42,1
DA:43,1
DA:44,1
DA:45,1
DA:46,1
DA:47,1
LH:47
LF:47
end_of_record
SF:src/modules/feature-flags/featureFlags.service.ts
FN:4,__name
FN:5,__decorateClass
FN:16,__decorateParam
FN:18,anonymous_3
FN:38,FeatureFlagsService
FN:41,<instance_members_initializer>
FN:42,list
FN:51,get
FN:68,resolve
FN:86,upsert
FN:127,mapRow
FN:139,parseRolloutFromPayload
FNDA:3,__name
FNDA:3,__decorateClass
FNDA:2,__decorateParam
FNDA:2,anonymous_3
FNDA:2,FeatureFlagsService
FNDA:2,<instance_members_initializer>
FNDA:0,list
FNDA:4,get
FNDA:4,resolve
FNDA:1,upsert
FNDA:4,mapRow
FNDA:2,parseRolloutFromPayload
FNF:12
FNH:11
BRDA:1,0,0,1
BRDA:4,1,0,3
BRDA:5,2,0,1
BRDA:6,3,0,0
BRDA:6,4,0,0
BRDA:7,5,0,3
BRDA:9,6,0,0
BRDA:11,7,0,0
BRDA:12,8,0,0
BRDA:16,9,0,2
BRDA:18,10,0,2
BRDA:38,11,0,2
BRDA:41,12,0,2
BRDA:51,13,0,4
BRDA:64,14,0,1
BRDA:64,15,0,3
BRDA:68,16,0,4
BRDA:72,17,0,1
BRDA:74,18,0,3
BRDA:74,19,0,1
BRDA:75,20,0,2
BRDA:76,21,0,0
BRDA:78,22,0,2
BRDA:81,23,0,1
BRDA:86,24,0,1
BRDA:113,25,0,0
BRDA:123,26,0,0
BRDA:127,27,0,4
BRDA:139,28,0,2
BRDA:143,29,0,0
BRDA:144,30,0,1
BRDA:144,31,0,0
BRDA:144,32,0,1
BRDA:147,33,0,0
BRDA:151,34,0,0
BRDA:152,35,0,1
BRDA:157,36,0,0
BRF:37
BRH:24
DA:1,1
DA:2,1
DA:3,1
DA:4,1
DA:5,1
DA:6,1
DA:7,1
DA:8,3
DA:9,3
DA:10,3
DA:11,1
DA:12,1
DA:13,1
DA:14,1
DA:15,1
DA:16,1
DA:17,2
DA:18,2
DA:19,2
DA:20,1
DA:21,1
DA:22,1
DA:23,1
DA:24,1
DA:25,1
DA:26,1
DA:27,1
DA:28,1
DA:29,1
DA:30,1
DA:31,1
DA:32,1
DA:33,1
DA:34,1
DA:35,1
DA:36,1
DA:37,1
DA:38,1
DA:39,2
DA:40,2
DA:41,1
DA:42,1
DA:43,0
DA:44,0
DA:45,0
DA:46,0
DA:47,0
DA:48,0
DA:49,0
DA:50,0
DA:51,1
DA:52,4
DA:53,4
DA:54,4
DA:55,4
DA:56,4
DA:57,4
DA:58,4
DA:59,4
DA:60,4
DA:61,4
DA:62,4
DA:63,4
DA:64,4
DA:65,3
DA:66,3
DA:67,3
DA:68,1
DA:69,4
DA:70,4
DA:71,4
DA:72,4
DA:73,1
DA:74,4
DA:75,4
DA:76,4
DA:77,0
DA:78,4
DA:79,2
DA:80,2
DA:81,4
DA:82,1
DA:83,1
DA:84,1
DA:85,1
DA:86,1
DA:87,1
DA:88,1
DA:89,1
DA:90,1
DA:91,1
DA:92,1
DA:93,1
DA:94,1
DA:95,1
DA:96,1
DA:97,1
DA:98,1
DA:99,1
DA:100,1
DA:101,1
DA:102,1
DA:103,1
DA:104,1
DA:105,1
DA:106,1
DA:107,1
DA:108,1
DA:109,1
DA:110,1
DA:111,1
DA:112,1
DA:113,1
DA:114,0
DA:115,0
DA:116,1
DA:117,1
DA:118,1
DA:119,1
DA:120,1
DA:121,1
DA:122,1
DA:123,1
DA:124,1
DA:125,1
DA:126,1
DA:127,1
DA:128,4
DA:129,4
DA:130,4
DA:131,4
DA:132,4
DA:133,4
DA:134,4
DA:135,4
DA:136,4
DA:137,4
DA:138,4
DA:139,1
DA:140,2
DA:141,2
DA:142,2
DA:143,2
DA:144,2
DA:145,1
DA:146,1
DA:147,2
DA:148,0
DA:149,0
DA:150,2
DA:151,2
DA:152,2
DA:153,1
DA:154,1
DA:155,1
DA:156,1
DA:157,2
DA:158,1
DA:159,1
DA:160,1
DA:161,1
DA:162,1
DA:163,1
DA:164,1
DA:165,1
DA:166,1
DA:167,1
DA:168,1
DA:169,1
DA:170,1
DA:171,1
DA:172,1
DA:173,1
DA:174,1
DA:175,1
DA:176,1
DA:177,1
DA:178,1
DA:179,1
DA:180,1
DA:181,1
DA:182,1
DA:183,1
DA:184,1
DA:185,1
DA:186,1
DA:187,1
DA:188,1
DA:189,1
DA:190,1
DA:191,1
DA:192,1
DA:193,1
DA:194,1
DA:195,1
DA:196,1
DA:197,1
DA:198,1
DA:199,1
DA:200,1
DA:201,1
DA:202,1
DA:203,1
DA:204,1
DA:205,1
DA:206,1
DA:207,1
DA:208,1
DA:209,1
DA:210,1
DA:211,1
DA:212,1
DA:213,1
DA:214,1
DA:215,1
DA:216,1
DA:217,1
DA:218,1
DA:219,1
DA:220,1
DA:221,1
DA:222,1
DA:223,1
DA:224,1
DA:225,1
DA:226,1
DA:227,1
DA:228,1
DA:229,1
LH:216
LF:229
end_of_record
SF:src/modules/templates/templates.model.ts
FN:1,__name
FN:17,isTemplateKind
FN:25,shouldUseTemplateByRollout
FNDA:2,__name
FNDA:0,isTemplateKind
FNDA:5,shouldUseTemplateByRollout
FNF:3
FNH:2
BRDA:1,0,0,1
BRDA:1,1,0,2
BRDA:25,2,0,5
BRF:3
BRH:3
DA:1,1
DA:2,2
DA:3,2
DA:4,2
DA:5,2
DA:6,2
DA:7,1
DA:8,1
DA:9,1
DA:10,1
DA:11,1
DA:12,1
DA:13,1
DA:14,1
DA:15,1
DA:16,1
DA:17,1
DA:18,0
DA:19,0
DA:20,0
DA:21,0
DA:22,0
DA:23,1
DA:24,1
DA:25,1
DA:26,5
DA:27,1
DA:28,1
DA:29,1
DA:30,1
DA:31,1
DA:32,1
DA:33,1
DA:34,1
DA:35,1
DA:36,1
DA:37,1
DA:38,1
DA:39,1
DA:40,1
DA:41,1
DA:42,1
DA:43,1
DA:44,1
DA:45,1
DA:46,1
DA:47,1
DA:48,1
DA:49,1
DA:50,1
DA:51,1
DA:52,1
DA:53,1
DA:54,1
DA:55,1
DA:56,1
DA:57,1
DA:58,1
DA:59,1
DA:60,1
DA:61,1
DA:62,1
DA:63,1
DA:64,1
DA:65,1
DA:66,1
DA:67,1
DA:68,1
DA:69,1
DA:70,1
DA:71,1
DA:72,1
DA:73,1
DA:74,1
DA:75,1
DA:76,1
DA:77,1
DA:78,1
DA:79,1
DA:80,1
DA:81,1
DA:82,1
DA:83,1
DA:84,1
DA:85,1
LH:80
LF:85
end_of_record
SF:src/modules/templates/templates.service.ts
FN:3,__name
FN:6,__decorateClass
FN:18,__decorateParam
FN:19,anonymous_3
FN:34,anonymous_4
FN:41,anonymous_5
FN:53,anonymous_6
FN:55,computeTemplateVersionLockKey
FN:69,anonymous_8
FN:77,anonymous_9
FN:89,TemplatesService
FN:89,<instance_members_initializer>
FN:89,setLegacyMode
FN:93,updateReleaseToVersion
FN:126,listVersions
FN:149,createVersion
FN:156,anonymous_16
FN:182,getRelease
FN:200,setMode
FN:227,releaseVersion
FN:229,anonymous_20
FN:275,rollback
FN:290,resolve
FNDA:7,__name
FNDA:2,__decorateClass
FNDA:1,__decorateParam
FNDA:1,anonymous_3
FNDA:1,anonymous_4
FNDA:2,anonymous_5
FNDA:1,anonymous_6
FNDA:8,computeTemplateVersionLockKey
FNDA:1,anonymous_8
FNDA:1,anonymous_9
FNDA:2,TemplatesService
FNDA:2,<instance_members_initializer>
FNDA:0,setLegacyMode
FNDA:0,updateReleaseToVersion
FNDA:0,listVersions
FNDA:1,createVersion
FNDA:1,anonymous_16
FNDA:0,getRelease
FNDA:0,setMode
FNDA:1,releaseVersion
FNDA:1,anonymous_20
FNDA:0,rollback
FNDA:0,resolve
FNF:23
FNH:16
BRDA:1,0,0,1
BRDA:3,1,0,7
BRDA:6,2,0,1
BRDA:7,3,0,0
BRDA:7,4,0,0
BRDA:10,5,0,2
BRDA:12,6,0,0
BRDA:14,7,0,0
BRDA:15,8,0,0
BRDA:18,9,0,1
BRDA:19,10,0,1
BRDA:34,11,0,1
BRDA:35,12,0,0
BRDA:37,13,0,0
BRDA:41,14,0,2
BRDA:41,15,0,0
BRDA:42,16,0,0
BRDA:53,17,0,1
BRDA:54,18,0,0
BRDA:55,19,0,1
BRDA:61,20,0,8
BRDA:62,21,0,0
BRDA:63,22,0,0
BRDA:69,23,0,1
BRDA:77,24,0,1
BRDA:89,25,0,2
BRDA:89,26,0,2
BRDA:149,27,0,1
BRDA:156,28,0,1
BRDA:165,29,0,0
BRDA:178,30,0,0
BRDA:227,31,0,1
BRDA:229,32,0,1
BRDA:239,33,0,0
BRDA:241,34,0,0
BRDA:270,35,0,0
BRF:36
BRH:19
DA:1,1
DA:2,1
DA:3,1
DA:4,7
DA:5,7
DA:6,1
DA:7,1
DA:8,1
DA:9,1
DA:10,1
DA:11,2
DA:12,2
DA:13,2
DA:14,1
DA:15,1
DA:16,0
DA:17,1
DA:18,1
DA:19,1
DA:20,1
DA:21,1
DA:22,1
DA:23,1
DA:24,1
DA:25,1
DA:26,1
DA:27,1
DA:28,1
DA:29,1
DA:30,1
DA:31,1
DA:32,1
DA:33,1
DA:34,1
DA:35,1
DA:36,1
DA:37,1
DA:38,1
DA:39,1
DA:40,1
DA:41,1
DA:42,2
DA:43,0
DA:44,0
DA:45,0
DA:46,0
DA:47,0
DA:48,0
DA:49,0
DA:50,0
DA:51,1
DA:52,1
DA:53,1
DA:54,1
DA:55,1
DA:56,1
DA:57,1
DA:58,1
DA:59,1
DA:60,1
DA:61,1
DA:62,1
DA:63,1
DA:64,1
DA:65,1
DA:66,1
DA:67,1
DA:68,1
DA:69,1
DA:70,1
DA:71,1
DA:72,1
DA:73,1
DA:74,1
DA:75,1
DA:76,1
DA:77,1
DA:78,1
DA:79,1
DA:80,1
DA:81,1
DA:82,1
DA:83,1
DA:84,1
DA:85,1
DA:86,1
DA:87,1
DA:88,1
DA:89,1
DA:90,0
DA:91,0
DA:92,0
DA:93,1
DA:94,0
DA:95,0
DA:96,0
DA:97,0
DA:98,0
DA:99,0
DA:100,0
DA:101,0
DA:102,0
DA:103,0
DA:104,0
DA:105,0
DA:106,0
DA:107,0
DA:108,0
DA:109,0
DA:110,0
DA:111,0
DA:112,0
DA:113,0
DA:114,0
DA:115,0
DA:116,0
DA:117,0
DA:118,0
DA:119,0
DA:120,0
DA:121,0
DA:122,0
DA:123,0
DA:124,0
DA:125,0
DA:126,1
DA:127,0
DA:128,0
DA:129,0
DA:130,0
DA:131,0
DA:132,0
DA:133,0
DA:134,0
DA:135,0
DA:136,0
DA:137,0
DA:138,0
DA:139,0
DA:140,0
DA:141,0
DA:142,0
DA:143,0
DA:144,0
DA:145,0
DA:146,0
DA:147,0
DA:148,0
DA:149,1
DA:150,1
DA:151,1
DA:152,1
DA:153,1
DA:154,1
DA:155,1
DA:156,1
DA:157,1
DA:158,1
DA:159,1
DA:160,1
DA:161,1
DA:162,1
DA:163,1
DA:164,1
DA:165,1
DA:166,1
DA:167,1
DA:168,1
DA:169,1
DA:170,1
DA:171,1
DA:172,1
DA:173,1
DA:174,1
DA:175,1
DA:176,1
DA:177,1
DA:178,1
DA:179,0
DA:180,0
DA:181,0
DA:182,1
DA:183,0
DA:184,0
DA:185,0
DA:186,0
DA:187,0
DA:188,0
DA:189,0
DA:190,0
DA:191,0
DA:192,0
DA:193,0
DA:194,0
DA:195,0
DA:196,0
DA:197,0
DA:198,0
DA:199,0
DA:200,1
DA:201,0
DA:202,0
DA:203,0
DA:204,0
DA:205,0
DA:206,0
DA:207,0
DA:208,0
DA:209,0
DA:210,0
DA:211,0
DA:212,0
DA:213,0
DA:214,0
DA:215,0
DA:216,0
DA:217,0
DA:218,0
DA:219,0
DA:220,0
DA:221,0
DA:222,0
DA:223,0
DA:224,0
DA:225,0
DA:226,0
DA:227,1
DA:228,1
DA:229,1
DA:230,1
DA:231,1
DA:232,1
DA:233,1
DA:234,1
DA:235,1
DA:236,1
DA:237,1
DA:238,1
DA:239,1
DA:240,1
DA:241,1
DA:242,1
DA:243,1
DA:244,1
DA:245,1
DA:246,1
DA:247,1
DA:248,1
DA:249,1
DA:250,1
DA:251,1
DA:252,1
DA:253,1
DA:254,1
DA:255,1
DA:256,1
DA:257,1
DA:258,1
DA:259,1
DA:260,1
DA:261,1
DA:262,1
DA:263,1
DA:264,1
DA:265,1
DA:266,1
DA:267,1
DA:268,1
DA:269,1
DA:270,1
DA:271,0
DA:272,1
DA:273,1
DA:274,1
DA:275,0
DA:276,0
DA:277,0
DA:278,0
DA:279,0
DA:280,0
DA:281,0
DA:282,0
DA:283,0
DA:284,0
DA:285,0
DA:286,0
DA:287,0
DA:288,0
DA:289,0
DA:290,1
DA:291,0
DA:292,0
DA:293,0
DA:294,0
DA:295,0
DA:296,0
DA:297,0
DA:298,0
DA:299,0
DA:300,0
DA:301,0
DA:302,0
DA:303,0
DA:304,0
DA:305,0
DA:306,0
DA:307,0
DA:308,0
DA:309,0
DA:310,0
DA:311,0
DA:312,0
DA:313,0
DA:314,0
DA:315,0
DA:316,0
DA:317,0
DA:318,0
DA:319,0
DA:320,0
DA:321,1
DA:322,1
DA:323,1
DA:324,1
DA:325,1
DA:326,1
DA:327,1
DA:328,1
DA:329,1
DA:330,1
DA:331,1
DA:332,1
DA:333,1
DA:334,1
DA:335,1
DA:336,1
DA:337,1
DA:338,1
DA:339,1
DA:340,1
DA:341,1
DA:342,1
DA:343,1
DA:344,1
DA:345,1
DA:346,1
DA:347,1
DA:348,1
DA:349,1
DA:350,1
DA:351,1
DA:352,1
DA:353,1
DA:354,1
DA:355,1
DA:356,1
DA:357,1
DA:358,1
DA:359,1
DA:360,1
DA:361,1
DA:362,1
DA:363,1
DA:364,1
DA:365,1
DA:366,1
DA:367,1
DA:368,1
DA:369,1
DA:370,1
DA:371,1
DA:372,1
DA:373,1
DA:374,1
DA:375,1
DA:376,1
DA:377,1
DA:378,1
DA:379,1
DA:380,1
DA:381,1
DA:382,1
DA:383,1
DA:384,1
DA:385,1
DA:386,1
DA:387,1
DA:388,1
DA:389,1
DA:390,1
DA:391,1
DA:392,1
DA:393,1
DA:394,1
DA:395,1
DA:396,1
DA:397,1
DA:398,1
DA:399,1
DA:400,1
DA:401,1
DA:402,1
DA:403,1
DA:404,1
DA:405,1
DA:406,1
DA:407,1
DA:408,1
DA:409,1
DA:410,1
DA:411,1
DA:412,1
DA:413,1
DA:414,1
DA:415,1
DA:416,1
DA:417,1
DA:418,1
DA:419,1
DA:420,1
DA:421,1
DA:422,1
DA:423,1
DA:424,1
DA:425,1
DA:426,1
DA:427,1
DA:428,1
DA:429,1
DA:430,1
DA:431,1
DA:432,1
DA:433,1
DA:434,1
DA:435,1
DA:436,1
DA:437,1
DA:438,1
DA:439,1
DA:440,1
DA:441,1
DA:442,1
DA:443,1
DA:444,1
DA:445,1
DA:446,1
DA:447,1
DA:448,1
DA:449,1
DA:450,1
DA:451,1
DA:452,1
DA:453,1
DA:454,1
DA:455,1
DA:456,1
DA:457,1
DA:458,1
DA:459,1
DA:460,1
DA:461,1
DA:462,1
DA:463,1
DA:464,1
DA:465,1
DA:466,1
DA:467,1
DA:468,1
DA:469,1
DA:470,1
DA:471,1
DA:472,1
DA:473,1
DA:474,1
DA:475,1
DA:476,1
DA:477,1
DA:478,1
DA:479,1
DA:480,1
DA:481,1
DA:482,1
DA:483,1
DA:484,1
DA:485,1
DA:486,1
DA:487,1
DA:488,1
DA:489,1
DA:490,1
DA:491,1
DA:492,1
DA:493,1
DA:494,1
DA:495,1
DA:496,1
DA:497,1
DA:498,1
DA:499,1
DA:500,1
DA:501,1
DA:502,1
DA:503,1
DA:504,1
DA:505,1
DA:506,1
DA:507,1
DA:508,1
DA:509,1
DA:510,1
DA:511,1
DA:512,1
DA:513,1
DA:514,1
DA:515,1
LH:357
LF:515
end_of_record
